-------------------------------------------------------------------------------
Test set: com.thealgorithms.maths.SquareRootWithNewtonRaphsonMethodTest
-------------------------------------------------------------------------------
Tests run: 1, Failures: 1, Errors: 0, Skipped: 0, Time elapsed: 0 s <<< FAILURE! - in com.thealgorithms.maths.SquareRootWithNewtonRaphsonMethodTest
squareRootWithNegative  Time elapsed: 0 s  <<< FAILURE!
org.opentest4j.AssertionFailedError: expected: <NaN> but was: <-Infinity>
	at com.thealgorithms.maths.SquareRootWithNewtonRaphsonMethodTest.squareRootWithNegative(SquareRootWithNewtonRaphsonMethodTest.java:37)

