<?xml version="1.0" encoding="UTF-8"?>
<testsuite xmlns:xsi="http://www.w3.org/2001/XMLSchema-instance" xsi:noNamespaceSchemaLocation="https://maven.apache.org/surefire/maven-surefire-plugin/xsd/surefire-test-report.xsd" name="com.thealgorithms.sorts.SortUtilsRandomGeneratorTest" time="0.216" tests="2001" errors="0" skipped="0" failures="0">
  <properties>
[...]
</properties>
  <testcase name="generateArrayEmpty" classname="com.thealgorithms.sorts.SortUtilsRandomGeneratorTest" time="0.003"/>
  <testcase name="generateArray[1]" classname="com.thealgorithms.sorts.SortUtilsRandomGeneratorTest" time="0.001"/>
  <testcase name="generateArray[2]" classname="com.thealgorithms.sorts.SortUtilsRandomGeneratorTest" time="0.001"/>
  <testcase name="generateArray[3]" classname="com.thealgorithms.sorts.SortUtilsRandomGeneratorTest" time="0"/>
  <testcase name="generateArray[4]" classname="com.thealgorithms.sorts.SortUtilsRandomGeneratorTest" time="0"/>
  <testcase name="generateArray[5]" classname="com.thealgorithms.sorts.SortUtilsRandomGeneratorTest" time="0.001"/>
  <testcase name="generateArray[6]" classname="com.thealgorithms.sorts.SortUtilsRandomGeneratorTest" time="0"/>
  <testcase name="generateArray[7]" classname="com.thealgorithms.sorts.SortUtilsRandomGeneratorTest" time="0"/>
  <testcase name="generateArray[8]" classname="com.thealgorithms.sorts.SortUtilsRandomGeneratorTest" time="0"/>
  <testcase name="generateArray[9]" classname="com.thealgorithms.sorts.SortUtilsRandomGeneratorTest" time="0"/>
  <testcase name="generateArray[10]" classname="com.thealgorithms.sorts.SortUtilsRandomGeneratorTest" time="0"/>
  <testcase name="generateArray[11]" classname="com.thealgorithms.sorts.SortUtilsRandomGeneratorTest" time="0.001"/>
  <testcase name="generateArray[12]" classname="com.thealgorithms.sorts.SortUtilsRandomGeneratorTest" time="0"/>
  <testcase name="generateArray[13]" classname="com.thealgorithms.sorts.SortUtilsRandomGeneratorTest" time="0"/>
  <testcase name="generateArray[14]" classname="com.thealgorithms.sorts.SortUtilsRandomGeneratorTest" time="0.001"/>
  <testcase name="generateArray[15]" classname="com.thealgorithms.sorts.SortUtilsRandomGeneratorTest" time="0"/>
  <testcase name="generateArray[16]" classname="com.thealgorithms.sorts.SortUtilsRandomGeneratorTest" time="0.001"/>
  <testcase name="generateArray[17]" classname="com.thealgorithms.sorts.SortUtilsRandomGeneratorTest" time="0"/>
  <testcase name="generateArray[18]" classname="com.thealgorithms.sorts.SortUtilsRandomGeneratorTest" time="0"/>
  <testcase name="generateArray[19]" classname="com.thealgorithms.sorts.SortUtilsRandomGeneratorTest" time="0.001"/>
  <testcase name="generateArray[20]" classname="com.thealgorithms.sorts.SortUtilsRandomGeneratorTest" time="0"/>
  <testcase name="generateArray[21]" classname="com.thealgorithms.sorts.SortUtilsRandomGeneratorTest" time="0"/>
  <testcase name="generateArray[22]" classname="com.thealgorithms.sorts.SortUtilsRandomGeneratorTest" time="0.001"/>
  <testcase name="generateArray[23]" classname="com.thealgorithms.sorts.SortUtilsRandomGeneratorTest" time="0"/>
  <testcase name="generateArray[24]" classname="com.thealgorithms.sorts.SortUtilsRandomGeneratorTest" time="0"/>
  <testcase name="generateArray[25]" classname="com.thealgorithms.sorts.SortUtilsRandomGeneratorTest" time="0.001"/>
  <testcase name="generateArray[26]" classname="com.thealgorithms.sorts.SortUtilsRandomGeneratorTest" time="0"/>
  <testcase name="generateArray[27]" classname="com.thealgorithms.sorts.SortUtilsRandomGeneratorTest" time="0"/>
  <testcase name="generateArray[28]" classname="com.thealgorithms.sorts.SortUtilsRandomGeneratorTest" time="0"/>
  <testcase name="generateArray[29]" classname="com.thealgorithms.sorts.SortUtilsRandomGeneratorTest" time="0"/>
  <testcase name="generateArray[30]" classname="com.thealgorithms.sorts.SortUtilsRandomGeneratorTest" time="0"/>
  <testcase name="generateArray[31]" classname="com.thealgorithms.sorts.SortUtilsRandomGeneratorTest" time="0.001"/>
  <testcase name="generateArray[32]" classname="com.thealgorithms.sorts.SortUtilsRandomGeneratorTest" time="0"/>
  <testcase name="generateArray[33]" classname="com.thealgorithms.sorts.SortUtilsRandomGeneratorTest" time="0"/>
  <testcase name="generateArray[34]" classname="com.thealgorithms.sorts.SortUtilsRandomGeneratorTest" time="0"/>
  <testcase name="generateArray[35]" classname="com.thealgorithms.sorts.SortUtilsRandomGeneratorTest" time="0.001"/>
  <testcase name="generateArray[36]" classname="com.thealgorithms.sorts.SortUtilsRandomGeneratorTest" time="0"/>
  <testcase name="generateArray[37]" classname="com.thealgorithms.sorts.SortUtilsRandomGeneratorTest" time="0"/>
  <testcase name="generateArray[38]" classname="com.thealgorithms.sorts.SortUtilsRandomGeneratorTest" time="0.001"/>
  <testcase name="generateArray[39]" classname="com.thealgorithms.sorts.SortUtilsRandomGeneratorTest" time="0"/>
  <testcase name="generateArray[40]" classname="com.thealgorithms.sorts.SortUtilsRandomGeneratorTest" time="0"/>
  <testcase name="generateArray[41]" classname="com.thealgorithms.sorts.SortUtilsRandomGeneratorTest" time="0"/>
  <testcase name="generateArray[42]" classname="com.thealgorithms.sorts.SortUtilsRandomGeneratorTest" time="0.001"/>
  <testcase name="generateArray[43]" classname="com.thealgorithms.sorts.SortUtilsRandomGeneratorTest" time="0"/>
  <testcase name="generateArray[44]" classname="com.thealgorithms.sorts.SortUtilsRandomGeneratorTest" time="0"/>
  <testcase name="generateArray[45]" classname="com.thealgorithms.sorts.SortUtilsRandomGeneratorTest" time="0"/>
  <testcase name="generateArray[46]" classname="com.thealgorithms.sorts.SortUtilsRandomGeneratorTest" time="0"/>
  <testcase name="generateArray[47]" classname="com.thealgorithms.sorts.SortUtilsRandomGeneratorTest" time="0"/>
  <testcase name="generateArray[48]" classname="com.thealgorithms.sorts.SortUtilsRandomGeneratorTest" time="0"/>
  <testcase name="generateArray[49]" classname="com.thealgorithms.sorts.SortUtilsRandomGeneratorTest" time="0"/>
  <testcase name="generateArray[50]" classname="com.thealgorithms.sorts.SortUtilsRandomGeneratorTest" time="0.001"/>
  <testcase name="generateArray[51]" classname="com.thealgorithms.sorts.SortUtilsRandomGeneratorTest" time="0"/>
  <testcase name="generateArray[52]" classname="com.thealgorithms.sorts.SortUtilsRandomGeneratorTest" time="0"/>
  <testcase name="generateArray[53]" classname="com.thealgorithms.sorts.SortUtilsRandomGeneratorTest" time="0.001"/>
  <testcase name="generateArray[54]" classname="com.thealgorithms.sorts.SortUtilsRandomGeneratorTest" time="0"/>
  <testcase name="generateArray[55]" classname="com.thealgorithms.sorts.SortUtilsRandomGeneratorTest" time="0"/>
  <testcase name="generateArray[56]" classname="com.thealgorithms.sorts.SortUtilsRandomGeneratorTest" time="0"/>
  <testcase name="generateArray[57]" classname="com.thealgorithms.sorts.SortUtilsRandomGeneratorTest" time="0"/>
  <testcase name="generateArray[58]" classname="com.thealgorithms.sorts.SortUtilsRandomGeneratorTest" time="0"/>
  <testcase name="generateArray[59]" classname="com.thealgorithms.sorts.SortUtilsRandomGeneratorTest" time="0"/>
  <testcase name="generateArray[60]" classname="com.thealgorithms.sorts.SortUtilsRandomGeneratorTest" time="0"/>
  <testcase name="generateArray[61]" classname="com.thealgorithms.sorts.SortUtilsRandomGeneratorTest" time="0.001"/>
  <testcase name="generateArray[62]" classname="com.thealgorithms.sorts.SortUtilsRandomGeneratorTest" time="0"/>
  <testcase name="generateArray[63]" classname="com.thealgorithms.sorts.SortUtilsRandomGeneratorTest" time="0"/>
  <testcase name="generateArray[64]" classname="com.thealgorithms.sorts.SortUtilsRandomGeneratorTest" time="0"/>
  <testcase name="generateArray[65]" classname="com.thealgorithms.sorts.SortUtilsRandomGeneratorTest" time="0.001"/>
  <testcase name="generateArray[66]" classname="com.thealgorithms.sorts.SortUtilsRandomGeneratorTest" time="0"/>
  <testcase name="generateArray[67]" classname="com.thealgorithms.sorts.SortUtilsRandomGeneratorTest" time="0"/>
  <testcase name="generateArray[68]" classname="com.thealgorithms.sorts.SortUtilsRandomGeneratorTest" time="0"/>
  <testcase name="generateArray[69]" classname="com.thealgorithms.sorts.SortUtilsRandomGeneratorTest" time="0"/>
  <testcase name="generateArray[70]" classname="com.thealgorithms.sorts.SortUtilsRandomGeneratorTest" time="0.001"/>
  <testcase name="generateArray[71]" classname="com.thealgorithms.sorts.SortUtilsRandomGeneratorTest" time="0"/>
  <testcase name="generateArray[72]" classname="com.thealgorithms.sorts.SortUtilsRandomGeneratorTest" time="0"/>
  <testcase name="generateArray[73]" classname="com.thealgorithms.sorts.SortUtilsRandomGeneratorTest" time="0"/>
  <testcase name="generateArray[74]" classname="com.thealgorithms.sorts.SortUtilsRandomGeneratorTest" time="0"/>
  <testcase name="generateArray[75]" classname="com.thealgorithms.sorts.SortUtilsRandomGeneratorTest" time="0.001"/>
  <testcase name="generateArray[76]" classname="com.thealgorithms.sorts.SortUtilsRandomGeneratorTest" time="0"/>
  <testcase name="generateArray[77]" classname="com.thealgorithms.sorts.SortUtilsRandomGeneratorTest" time="0"/>
  <testcase name="generateArray[78]" classname="com.thealgorithms.sorts.SortUtilsRandomGeneratorTest" time="0"/>
  <testcase name="generateArray[79]" classname="com.thealgorithms.sorts.SortUtilsRandomGeneratorTest" time="0.001"/>
  <testcase name="generateArray[80]" classname="com.thealgorithms.sorts.SortUtilsRandomGeneratorTest" time="0"/>
  <testcase name="generateArray[81]" classname="com.thealgorithms.sorts.SortUtilsRandomGeneratorTest" time="0"/>
  <testcase name="generateArray[82]" classname="com.thealgorithms.sorts.SortUtilsRandomGeneratorTest" time="0"/>
  <testcase name="generateArray[83]" classname="com.thealgorithms.sorts.SortUtilsRandomGeneratorTest" time="0"/>
  <testcase name="generateArray[84]" classname="com.thealgorithms.sorts.SortUtilsRandomGeneratorTest" time="0.001"/>
  <testcase name="generateArray[85]" classname="com.thealgorithms.sorts.SortUtilsRandomGeneratorTest" time="0"/>
  <testcase name="generateArray[86]" classname="com.thealgorithms.sorts.SortUtilsRandomGeneratorTest" time="0"/>
  <testcase name="generateArray[87]" classname="com.thealgorithms.sorts.SortUtilsRandomGeneratorTest" time="0"/>
  <testcase name="generateArray[88]" classname="com.thealgorithms.sorts.SortUtilsRandomGeneratorTest" time="0.001"/>
  <testcase name="generateArray[89]" classname="com.thealgorithms.sorts.SortUtilsRandomGeneratorTest" time="0"/>
  <testcase name="generateArray[90]" classname="com.thealgorithms.sorts.SortUtilsRandomGeneratorTest" time="0"/>
  <testcase name="generateArray[91]" classname="com.thealgorithms.sorts.SortUtilsRandomGeneratorTest" time="0"/>
  <testcase name="generateArray[92]" classname="com.thealgorithms.sorts.SortUtilsRandomGeneratorTest" time="0"/>
  <testcase name="generateArray[93]" classname="com.thealgorithms.sorts.SortUtilsRandomGeneratorTest" time="0.001"/>
  <testcase name="generateArray[94]" classname="com.thealgorithms.sorts.SortUtilsRandomGeneratorTest" time="0"/>
  <testcase name="generateArray[95]" classname="com.thealgorithms.sorts.SortUtilsRandomGeneratorTest" time="0"/>
  <testcase name="generateArray[96]" classname="com.thealgorithms.sorts.SortUtilsRandomGeneratorTest" time="0"/>
  <testcase name="generateArray[97]" classname="com.thealgorithms.sorts.SortUtilsRandomGeneratorTest" time="0"/>
  <testcase name="generateArray[98]" classname="com.thealgorithms.sorts.SortUtilsRandomGeneratorTest" time="0.001"/>
  <testcase name="generateArray[99]" classname="com.thealgorithms.sorts.SortUtilsRandomGeneratorTest" time="0"/>
  <testcase name="generateArray[100]" classname="com.thealgorithms.sorts.SortUtilsRandomGeneratorTest" time="0"/>
  <testcase name="generateArray[101]" classname="com.thealgorithms.sorts.SortUtilsRandomGeneratorTest" time="0"/>
  <testcase name="generateArray[102]" classname="com.thealgorithms.sorts.SortUtilsRandomGeneratorTest" time="0"/>
  <testcase name="generateArray[103]" classname="com.thealgorithms.sorts.SortUtilsRandomGeneratorTest" time="0.001"/>
  <testcase name="generateArray[104]" classname="com.thealgorithms.sorts.SortUtilsRandomGeneratorTest" time="0"/>
  <testcase name="generateArray[105]" classname="com.thealgorithms.sorts.SortUtilsRandomGeneratorTest" time="0"/>
  <testcase name="generateArray[106]" classname="com.thealgorithms.sorts.SortUtilsRandomGeneratorTest" time="0"/>
  <testcase name="generateArray[107]" classname="com.thealgorithms.sorts.SortUtilsRandomGeneratorTest" time="0"/>
  <testcase name="generateArray[108]" classname="com.thealgorithms.sorts.SortUtilsRandomGeneratorTest" time="0"/>
  <testcase name="generateArray[109]" classname="com.thealgorithms.sorts.SortUtilsRandomGeneratorTest" time="0.001"/>
  <testcase name="generateArray[110]" classname="com.thealgorithms.sorts.SortUtilsRandomGeneratorTest" time="0"/>
  <testcase name="generateArray[111]" classname="com.thealgorithms.sorts.SortUtilsRandomGeneratorTest" time="0"/>
  <testcase name="generateArray[112]" classname="com.thealgorithms.sorts.SortUtilsRandomGeneratorTest" time="0"/>
  <testcase name="generateArray[113]" classname="com.thealgorithms.sorts.SortUtilsRandomGeneratorTest" time="0"/>
  <testcase name="generateArray[114]" classname="com.thealgorithms.sorts.SortUtilsRandomGeneratorTest" time="0.001"/>
  <testcase name="generateArray[115]" classname="com.thealgorithms.sorts.SortUtilsRandomGeneratorTest" time="0"/>
  <testcase name="generateArray[116]" classname="com.thealgorithms.sorts.SortUtilsRandomGeneratorTest" time="0"/>
  <testcase name="generateArray[117]" classname="com.thealgorithms.sorts.SortUtilsRandomGeneratorTest" time="0"/>
  <testcase name="generateArray[118]" classname="com.thealgorithms.sorts.SortUtilsRandomGeneratorTest" time="0"/>
  <testcase name="generateArray[119]" classname="com.thealgorithms.sorts.SortUtilsRandomGeneratorTest" time="0.001"/>
  <testcase name="generateArray[120]" classname="com.thealgorithms.sorts.SortUtilsRandomGeneratorTest" time="0"/>
  <testcase name="generateArray[121]" classname="com.thealgorithms.sorts.SortUtilsRandomGeneratorTest" time="0"/>
  <testcase name="generateArray[122]" classname="com.thealgorithms.sorts.SortUtilsRandomGeneratorTest" time="0"/>
  <testcase name="generateArray[123]" classname="com.thealgorithms.sorts.SortUtilsRandomGeneratorTest" time="0"/>
  <testcase name="generateArray[124]" classname="com.thealgorithms.sorts.SortUtilsRandomGeneratorTest" time="0.001"/>
  <testcase name="generateArray[125]" classname="com.thealgorithms.sorts.SortUtilsRandomGeneratorTest" time="0"/>
  <testcase name="generateArray[126]" classname="com.thealgorithms.sorts.SortUtilsRandomGeneratorTest" time="0"/>
  <testcase name="generateArray[127]" classname="com.thealgorithms.sorts.SortUtilsRandomGeneratorTest" time="0"/>
  <testcase name="generateArray[128]" classname="com.thealgorithms.sorts.SortUtilsRandomGeneratorTest" time="0.001"/>
  <testcase name="generateArray[129]" classname="com.thealgorithms.sorts.SortUtilsRandomGeneratorTest" time="0"/>
  <testcase name="generateArray[130]" classname="com.thealgorithms.sorts.SortUtilsRandomGeneratorTest" time="0"/>
  <testcase name="generateArray[131]" classname="com.thealgorithms.sorts.SortUtilsRandomGeneratorTest" time="0"/>
  <testcase name="generateArray[132]" classname="com.thealgorithms.sorts.SortUtilsRandomGeneratorTest" time="0"/>
  <testcase name="generateArray[133]" classname="com.thealgorithms.sorts.SortUtilsRandomGeneratorTest" time="0"/>
  <testcase name="generateArray[134]" classname="com.thealgorithms.sorts.SortUtilsRandomGeneratorTest" time="0"/>
  <testcase name="generateArray[135]" classname="com.thealgorithms.sorts.SortUtilsRandomGeneratorTest" time="0"/>
  <testcase name="generateArray[136]" classname="com.thealgorithms.sorts.SortUtilsRandomGeneratorTest" time="0"/>
  <testcase name="generateArray[137]" classname="com.thealgorithms.sorts.SortUtilsRandomGeneratorTest" time="0.001"/>
  <testcase name="generateArray[138]" classname="com.thealgorithms.sorts.SortUtilsRandomGeneratorTest" time="0"/>
  <testcase name="generateArray[139]" classname="com.thealgorithms.sorts.SortUtilsRandomGeneratorTest" time="0"/>
  <testcase name="generateArray[140]" classname="com.thealgorithms.sorts.SortUtilsRandomGeneratorTest" time="0"/>
  <testcase name="generateArray[141]" classname="com.thealgorithms.sorts.SortUtilsRandomGeneratorTest" time="0"/>
  <testcase name="generateArray[142]" classname="com.thealgorithms.sorts.SortUtilsRandomGeneratorTest" time="0.001"/>
  <testcase name="generateArray[143]" classname="com.thealgorithms.sorts.SortUtilsRandomGeneratorTest" time="0"/>
  <testcase name="generateArray[144]" classname="com.thealgorithms.sorts.SortUtilsRandomGeneratorTest" time="0"/>
  <testcase name="generateArray[145]" classname="com.thealgorithms.sorts.SortUtilsRandomGeneratorTest" time="0"/>
  <testcase name="generateArray[146]" classname="com.thealgorithms.sorts.SortUtilsRandomGeneratorTest" time="0"/>
  <testcase name="generateArray[147]" classname="com.thealgorithms.sorts.SortUtilsRandomGeneratorTest" time="0.001"/>
  <testcase name="generateArray[148]" classname="com.thealgorithms.sorts.SortUtilsRandomGeneratorTest" time="0"/>
  <testcase name="generateArray[149]" classname="com.thealgorithms.sorts.SortUtilsRandomGeneratorTest" time="0"/>
  <testcase name="generateArray[150]" classname="com.thealgorithms.sorts.SortUtilsRandomGeneratorTest" time="0"/>
  <testcase name="generateArray[151]" classname="com.thealgorithms.sorts.SortUtilsRandomGeneratorTest" time="0"/>
  <testcase name="generateArray[152]" classname="com.thealgorithms.sorts.SortUtilsRandomGeneratorTest" time="0.001"/>
  <testcase name="generateArray[153]" classname="com.thealgorithms.sorts.SortUtilsRandomGeneratorTest" time="0"/>
  <testcase name="generateArray[154]" classname="com.thealgorithms.sorts.SortUtilsRandomGeneratorTest" time="0"/>
  <testcase name="generateArray[155]" classname="com.thealgorithms.sorts.SortUtilsRandomGeneratorTest" time="0"/>
  <testcase name="generateArray[156]" classname="com.thealgorithms.sorts.SortUtilsRandomGeneratorTest" time="0"/>
  <testcase name="generateArray[157]" classname="com.thealgorithms.sorts.SortUtilsRandomGeneratorTest" time="0.001"/>
  <testcase name="generateArray[158]" classname="com.thealgorithms.sorts.SortUtilsRandomGeneratorTest" time="0"/>
  <testcase name="generateArray[159]" classname="com.thealgorithms.sorts.SortUtilsRandomGeneratorTest" time="0"/>
  <testcase name="generateArray[160]" classname="com.thealgorithms.sorts.SortUtilsRandomGeneratorTest" time="0"/>
  <testcase name="generateArray[161]" classname="com.thealgorithms.sorts.SortUtilsRandomGeneratorTest" time="0"/>
  <testcase name="generateArray[162]" classname="com.thealgorithms.sorts.SortUtilsRandomGeneratorTest" time="0"/>
  <testcase name="generateArray[163]" classname="com.thealgorithms.sorts.SortUtilsRandomGeneratorTest" time="0.001"/>
  <testcase name="generateArray[164]" classname="com.thealgorithms.sorts.SortUtilsRandomGeneratorTest" time="0"/>
  <testcase name="generateArray[165]" classname="com.thealgorithms.sorts.SortUtilsRandomGeneratorTest" time="0"/>
  <testcase name="generateArray[166]" classname="com.thealgorithms.sorts.SortUtilsRandomGeneratorTest" time="0"/>
  <testcase name="generateArray[167]" classname="com.thealgorithms.sorts.SortUtilsRandomGeneratorTest" time="0"/>
  <testcase name="generateArray[168]" classname="com.thealgorithms.sorts.SortUtilsRandomGeneratorTest" time="0"/>
  <testcase name="generateArray[169]" classname="com.thealgorithms.sorts.SortUtilsRandomGeneratorTest" time="0"/>
  <testcase name="generateArray[170]" classname="com.thealgorithms.sorts.SortUtilsRandomGeneratorTest" time="0"/>
  <testcase name="generateArray[171]" classname="com.thealgorithms.sorts.SortUtilsRandomGeneratorTest" time="0.001"/>
  <testcase name="generateArray[172]" classname="com.thealgorithms.sorts.SortUtilsRandomGeneratorTest" time="0"/>
  <testcase name="generateArray[173]" classname="com.thealgorithms.sorts.SortUtilsRandomGeneratorTest" time="0"/>
  <testcase name="generateArray[174]" classname="com.thealgorithms.sorts.SortUtilsRandomGeneratorTest" time="0"/>
  <testcase name="generateArray[175]" classname="com.thealgorithms.sorts.SortUtilsRandomGeneratorTest" time="0"/>
  <testcase name="generateArray[176]" classname="com.thealgorithms.sorts.SortUtilsRandomGeneratorTest" time="0"/>
  <testcase name="generateArray[177]" classname="com.thealgorithms.sorts.SortUtilsRandomGeneratorTest" time="0"/>
  <testcase name="generateArray[178]" classname="com.thealgorithms.sorts.SortUtilsRandomGeneratorTest" time="0.001"/>
  <testcase name="generateArray[179]" classname="com.thealgorithms.sorts.SortUtilsRandomGeneratorTest" time="0"/>
  <testcase name="generateArray[180]" classname="com.thealgorithms.sorts.SortUtilsRandomGeneratorTest" time="0"/>
  <testcase name="generateArray[181]" classname="com.thealgorithms.sorts.SortUtilsRandomGeneratorTest" time="0"/>
  <testcase name="generateArray[182]" classname="com.thealgorithms.sorts.SortUtilsRandomGeneratorTest" time="0"/>
  <testcase name="generateArray[183]" classname="com.thealgorithms.sorts.SortUtilsRandomGeneratorTest" time="0"/>
  <testcase name="generateArray[184]" classname="com.thealgorithms.sorts.SortUtilsRandomGeneratorTest" time="0"/>
  <testcase name="generateArray[185]" classname="com.thealgorithms.sorts.SortUtilsRandomGeneratorTest" time="0"/>
  <testcase name="generateArray[186]" classname="com.thealgorithms.sorts.SortUtilsRandomGeneratorTest" time="0"/>
  <testcase name="generateArray[187]" classname="com.thealgorithms.sorts.SortUtilsRandomGeneratorTest" time="0"/>
  <testcase name="generateArray[188]" classname="com.thealgorithms.sorts.SortUtilsRandomGeneratorTest" time="0"/>
  <testcase name="generateArray[189]" classname="com.thealgorithms.sorts.SortUtilsRandomGeneratorTest" time="0"/>
  <testcase name="generateArray[190]" classname="com.thealgorithms.sorts.SortUtilsRandomGeneratorTest" time="0"/>
  <testcase name="generateArray[191]" classname="com.thealgorithms.sorts.SortUtilsRandomGeneratorTest" time="0"/>
  <testcase name="generateArray[192]" classname="com.thealgorithms.sorts.SortUtilsRandomGeneratorTest" time="0.001"/>
  <testcase name="generateArray[193]" classname="com.thealgorithms.sorts.SortUtilsRandomGeneratorTest" time="0"/>
  <testcase name="generateArray[194]" classname="com.thealgorithms.sorts.SortUtilsRandomGeneratorTest" time="0"/>
  <testcase name="generateArray[195]" classname="com.thealgorithms.sorts.SortUtilsRandomGeneratorTest" time="0"/>
  <testcase name="generateArray[196]" classname="com.thealgorithms.sorts.SortUtilsRandomGeneratorTest" time="0"/>
  <testcase name="generateArray[197]" classname="com.thealgorithms.sorts.SortUtilsRandomGeneratorTest" time="0"/>
  <testcase name="generateArray[198]" classname="com.thealgorithms.sorts.SortUtilsRandomGeneratorTest" time="0"/>
  <testcase name="generateArray[199]" classname="com.thealgorithms.sorts.SortUtilsRandomGeneratorTest" time="0"/>
  <testcase name="generateArray[200]" classname="com.thealgorithms.sorts.SortUtilsRandomGeneratorTest" time="0"/>
  <testcase name="generateArray[201]" classname="com.thealgorithms.sorts.SortUtilsRandomGeneratorTest" time="0"/>
  <testcase name="generateArray[202]" classname="com.thealgorithms.sorts.SortUtilsRandomGeneratorTest" time="0"/>
  <testcase name="generateArray[203]" classname="com.thealgorithms.sorts.SortUtilsRandomGeneratorTest" time="0"/>
  <testcase name="generateArray[204]" classname="com.thealgorithms.sorts.SortUtilsRandomGeneratorTest" time="0"/>
  <testcase name="generateArray[205]" classname="com.thealgorithms.sorts.SortUtilsRandomGeneratorTest" time="0"/>
  <testcase name="generateArray[206]" classname="com.thealgorithms.sorts.SortUtilsRandomGeneratorTest" time="0"/>
  <testcase name="generateArray[207]" classname="com.thealgorithms.sorts.SortUtilsRandomGeneratorTest" time="0.001"/>
  <testcase name="generateArray[208]" classname="com.thealgorithms.sorts.SortUtilsRandomGeneratorTest" time="0"/>
  <testcase name="generateArray[209]" classname="com.thealgorithms.sorts.SortUtilsRandomGeneratorTest" time="0"/>
  <testcase name="generateArray[210]" classname="com.thealgorithms.sorts.SortUtilsRandomGeneratorTest" time="0"/>
  <testcase name="generateArray[211]" classname="com.thealgorithms.sorts.SortUtilsRandomGeneratorTest" time="0"/>
  <testcase name="generateArray[212]" classname="com.thealgorithms.sorts.SortUtilsRandomGeneratorTest" time="0"/>
  <testcase name="generateArray[213]" classname="com.thealgorithms.sorts.SortUtilsRandomGeneratorTest" time="0"/>
  <testcase name="generateArray[214]" classname="com.thealgorithms.sorts.SortUtilsRandomGeneratorTest" time="0.001"/>
  <testcase name="generateArray[215]" classname="com.thealgorithms.sorts.SortUtilsRandomGeneratorTest" time="0"/>
  <testcase name="generateArray[216]" classname="com.thealgorithms.sorts.SortUtilsRandomGeneratorTest" time="0"/>
  <testcase name="generateArray[217]" classname="com.thealgorithms.sorts.SortUtilsRandomGeneratorTest" time="0"/>
  <testcase name="generateArray[218]" classname="com.thealgorithms.sorts.SortUtilsRandomGeneratorTest" time="0"/>
  <testcase name="generateArray[219]" classname="com.thealgorithms.sorts.SortUtilsRandomGeneratorTest" time="0"/>
  <testcase name="generateArray[220]" classname="com.thealgorithms.sorts.SortUtilsRandomGeneratorTest" time="0"/>
  <testcase name="generateArray[221]" classname="com.thealgorithms.sorts.SortUtilsRandomGeneratorTest" time="0"/>
  <testcase name="generateArray[222]" classname="com.thealgorithms.sorts.SortUtilsRandomGeneratorTest" time="0"/>
  <testcase name="generateArray[223]" classname="com.thealgorithms.sorts.SortUtilsRandomGeneratorTest" time="0"/>
  <testcase name="generateArray[224]" classname="com.thealgorithms.sorts.SortUtilsRandomGeneratorTest" time="0"/>
  <testcase name="generateArray[225]" classname="com.thealgorithms.sorts.SortUtilsRandomGeneratorTest" time="0"/>
  <testcase name="generateArray[226]" classname="com.thealgorithms.sorts.SortUtilsRandomGeneratorTest" time="0"/>
  <testcase name="generateArray[227]" classname="com.thealgorithms.sorts.SortUtilsRandomGeneratorTest" time="0"/>
  <testcase name="generateArray[228]" classname="com.thealgorithms.sorts.SortUtilsRandomGeneratorTest" time="0"/>
  <testcase name="generateArray[229]" classname="com.thealgorithms.sorts.SortUtilsRandomGeneratorTest" time="0.001"/>
  <testcase name="generateArray[230]" classname="com.thealgorithms.sorts.SortUtilsRandomGeneratorTest" time="0"/>
  <testcase name="generateArray[231]" classname="com.thealgorithms.sorts.SortUtilsRandomGeneratorTest" time="0"/>
  <testcase name="generateArray[232]" classname="com.thealgorithms.sorts.SortUtilsRandomGeneratorTest" time="0"/>
  <testcase name="generateArray[233]" classname="com.thealgorithms.sorts.SortUtilsRandomGeneratorTest" time="0"/>
  <testcase name="generateArray[234]" classname="com.thealgorithms.sorts.SortUtilsRandomGeneratorTest" time="0"/>
  <testcase name="generateArray[235]" classname="com.thealgorithms.sorts.SortUtilsRandomGeneratorTest" time="0"/>
  <testcase name="generateArray[236]" classname="com.thealgorithms.sorts.SortUtilsRandomGeneratorTest" time="0"/>
  <testcase name="generateArray[237]" classname="com.thealgorithms.sorts.SortUtilsRandomGeneratorTest" time="0.001"/>
  <testcase name="generateArray[238]" classname="com.thealgorithms.sorts.SortUtilsRandomGeneratorTest" time="0"/>
  <testcase name="generateArray[239]" classname="com.thealgorithms.sorts.SortUtilsRandomGeneratorTest" time="0"/>
  <testcase name="generateArray[240]" classname="com.thealgorithms.sorts.SortUtilsRandomGeneratorTest" time="0"/>
  <testcase name="generateArray[241]" classname="com.thealgorithms.sorts.SortUtilsRandomGeneratorTest" time="0"/>
  <testcase name="generateArray[242]" classname="com.thealgorithms.sorts.SortUtilsRandomGeneratorTest" time="0"/>
  <testcase name="generateArray[243]" classname="com.thealgorithms.sorts.SortUtilsRandomGeneratorTest" time="0"/>
  <testcase name="generateArray[244]" classname="com.thealgorithms.sorts.SortUtilsRandomGeneratorTest" time="0"/>
  <testcase name="generateArray[245]" classname="com.thealgorithms.sorts.SortUtilsRandomGeneratorTest" time="0"/>
  <testcase name="generateArray[246]" classname="com.thealgorithms.sorts.SortUtilsRandomGeneratorTest" time="0"/>
  <testcase name="generateArray[247]" classname="com.thealgorithms.sorts.SortUtilsRandomGeneratorTest" time="0"/>
  <testcase name="generateArray[248]" classname="com.thealgorithms.sorts.SortUtilsRandomGeneratorTest" time="0"/>
  <testcase name="generateArray[249]" classname="com.thealgorithms.sorts.SortUtilsRandomGeneratorTest" time="0"/>
  <testcase name="generateArray[250]" classname="com.thealgorithms.sorts.SortUtilsRandomGeneratorTest" time="0"/>
  <testcase name="generateArray[251]" classname="com.thealgorithms.sorts.SortUtilsRandomGeneratorTest" time="0"/>
  <testcase name="generateArray[252]" classname="com.thealgorithms.sorts.SortUtilsRandomGeneratorTest" time="0.001"/>
  <testcase name="generateArray[253]" classname="com.thealgorithms.sorts.SortUtilsRandomGeneratorTest" time="0"/>
  <testcase name="generateArray[254]" classname="com.thealgorithms.sorts.SortUtilsRandomGeneratorTest" time="0"/>
  <testcase name="generateArray[255]" classname="com.thealgorithms.sorts.SortUtilsRandomGeneratorTest" time="0"/>
  <testcase name="generateArray[256]" classname="com.thealgorithms.sorts.SortUtilsRandomGeneratorTest" time="0"/>
  <testcase name="generateArray[257]" classname="com.thealgorithms.sorts.SortUtilsRandomGeneratorTest" time="0"/>
  <testcase name="generateArray[258]" classname="com.thealgorithms.sorts.SortUtilsRandomGeneratorTest" time="0"/>
  <testcase name="generateArray[259]" classname="com.thealgorithms.sorts.SortUtilsRandomGeneratorTest" time="0"/>
  <testcase name="generateArray[260]" classname="com.thealgorithms.sorts.SortUtilsRandomGeneratorTest" time="0"/>
  <testcase name="generateArray[261]" classname="com.thealgorithms.sorts.SortUtilsRandomGeneratorTest" time="0"/>
  <testcase name="generateArray[262]" classname="com.thealgorithms.sorts.SortUtilsRandomGeneratorTest" time="0"/>
  <testcase name="generateArray[263]" classname="com.thealgorithms.sorts.SortUtilsRandomGeneratorTest" time="0"/>
  <testcase name="generateArray[264]" classname="com.thealgorithms.sorts.SortUtilsRandomGeneratorTest" time="0"/>
  <testcase name="generateArray[265]" classname="com.thealgorithms.sorts.SortUtilsRandomGeneratorTest" time="0"/>
  <testcase name="generateArray[266]" classname="com.thealgorithms.sorts.SortUtilsRandomGeneratorTest" time="0"/>
  <testcase name="generateArray[267]" classname="com.thealgorithms.sorts.SortUtilsRandomGeneratorTest" time="0.001"/>
  <testcase name="generateArray[268]" classname="com.thealgorithms.sorts.SortUtilsRandomGeneratorTest" time="0"/>
  <testcase name="generateArray[269]" classname="com.thealgorithms.sorts.SortUtilsRandomGeneratorTest" time="0"/>
  <testcase name="generateArray[270]" classname="com.thealgorithms.sorts.SortUtilsRandomGeneratorTest" time="0"/>
  <testcase name="generateArray[271]" classname="com.thealgorithms.sorts.SortUtilsRandomGeneratorTest" time="0"/>
  <testcase name="generateArray[272]" classname="com.thealgorithms.sorts.SortUtilsRandomGeneratorTest" time="0"/>
  <testcase name="generateArray[273]" classname="com.thealgorithms.sorts.SortUtilsRandomGeneratorTest" time="0"/>
  <testcase name="generateArray[274]" classname="com.thealgorithms.sorts.SortUtilsRandomGeneratorTest" time="0"/>
  <testcase name="generateArray[275]" classname="com.thealgorithms.sorts.SortUtilsRandomGeneratorTest" time="0"/>
  <testcase name="generateArray[276]" classname="com.thealgorithms.sorts.SortUtilsRandomGeneratorTest" time="0"/>
  <testcase name="generateArray[277]" classname="com.thealgorithms.sorts.SortUtilsRandomGeneratorTest" time="0"/>
  <testcase name="generateArray[278]" classname="com.thealgorithms.sorts.SortUtilsRandomGeneratorTest" time="0"/>
  <testcase name="generateArray[279]" classname="com.thealgorithms.sorts.SortUtilsRandomGeneratorTest" time="0"/>
  <testcase name="generateArray[280]" classname="com.thealgorithms.sorts.SortUtilsRandomGeneratorTest" time="0"/>
  <testcase name="generateArray[281]" classname="com.thealgorithms.sorts.SortUtilsRandomGeneratorTest" time="0.001"/>
  <testcase name="generateArray[282]" classname="com.thealgorithms.sorts.SortUtilsRandomGeneratorTest" time="0"/>
  <testcase name="generateArray[283]" classname="com.thealgorithms.sorts.SortUtilsRandomGeneratorTest" time="0"/>
  <testcase name="generateArray[284]" classname="com.thealgorithms.sorts.SortUtilsRandomGeneratorTest" time="0"/>
  <testcase name="generateArray[285]" classname="com.thealgorithms.sorts.SortUtilsRandomGeneratorTest" time="0"/>
  <testcase name="generateArray[286]" classname="com.thealgorithms.sorts.SortUtilsRandomGeneratorTest" time="0"/>
  <testcase name="generateArray[287]" classname="com.thealgorithms.sorts.SortUtilsRandomGeneratorTest" time="0"/>
  <testcase name="generateArray[288]" classname="com.thealgorithms.sorts.SortUtilsRandomGeneratorTest" time="0"/>
  <testcase name="generateArray[289]" classname="com.thealgorithms.sorts.SortUtilsRandomGeneratorTest" time="0.001"/>
  <testcase name="generateArray[290]" classname="com.thealgorithms.sorts.SortUtilsRandomGeneratorTest" time="0"/>
  <testcase name="generateArray[291]" classname="com.thealgorithms.sorts.SortUtilsRandomGeneratorTest" time="0"/>
  <testcase name="generateArray[292]" classname="com.thealgorithms.sorts.SortUtilsRandomGeneratorTest" time="0"/>
  <testcase name="generateArray[293]" classname="com.thealgorithms.sorts.SortUtilsRandomGeneratorTest" time="0"/>
  <testcase name="generateArray[294]" classname="com.thealgorithms.sorts.SortUtilsRandomGeneratorTest" time="0"/>
  <testcase name="generateArray[295]" classname="com.thealgorithms.sorts.SortUtilsRandomGeneratorTest" time="0"/>
  <testcase name="generateArray[296]" classname="com.thealgorithms.sorts.SortUtilsRandomGeneratorTest" time="0"/>
  <testcase name="generateArray[297]" classname="com.thealgorithms.sorts.SortUtilsRandomGeneratorTest" time="0"/>
  <testcase name="generateArray[298]" classname="com.thealgorithms.sorts.SortUtilsRandomGeneratorTest" time="0"/>
  <testcase name="generateArray[299]" classname="com.thealgorithms.sorts.SortUtilsRandomGeneratorTest" time="0"/>
  <testcase name="generateArray[300]" classname="com.thealgorithms.sorts.SortUtilsRandomGeneratorTest" time="0"/>
  <testcase name="generateArray[301]" classname="com.thealgorithms.sorts.SortUtilsRandomGeneratorTest" time="0"/>
  <testcase name="generateArray[302]" classname="com.thealgorithms.sorts.SortUtilsRandomGeneratorTest" time="0"/>
  <testcase name="generateArray[303]" classname="com.thealgorithms.sorts.SortUtilsRandomGeneratorTest" time="0.001"/>
  <testcase name="generateArray[304]" classname="com.thealgorithms.sorts.SortUtilsRandomGeneratorTest" time="0"/>
  <testcase name="generateArray[305]" classname="com.thealgorithms.sorts.SortUtilsRandomGeneratorTest" time="0"/>
  <testcase name="generateArray[306]" classname="com.thealgorithms.sorts.SortUtilsRandomGeneratorTest" time="0"/>
  <testcase name="generateArray[307]" classname="com.thealgorithms.sorts.SortUtilsRandomGeneratorTest" time="0"/>
  <testcase name="generateArray[308]" classname="com.thealgorithms.sorts.SortUtilsRandomGeneratorTest" time="0.001"/>
  <testcase name="generateArray[309]" classname="com.thealgorithms.sorts.SortUtilsRandomGeneratorTest" time="0"/>
  <testcase name="generateArray[310]" classname="com.thealgorithms.sorts.SortUtilsRandomGeneratorTest" time="0"/>
  <testcase name="generateArray[311]" classname="com.thealgorithms.sorts.SortUtilsRandomGeneratorTest" time="0"/>
  <testcase name="generateArray[312]" classname="com.thealgorithms.sorts.SortUtilsRandomGeneratorTest" time="0"/>
  <testcase name="generateArray[313]" classname="com.thealgorithms.sorts.SortUtilsRandomGeneratorTest" time="0"/>
  <testcase name="generateArray[314]" classname="com.thealgorithms.sorts.SortUtilsRandomGeneratorTest" time="0"/>
  <testcase name="generateArray[315]" classname="com.thealgorithms.sorts.SortUtilsRandomGeneratorTest" time="0"/>
  <testcase name="generateArray[316]" classname="com.thealgorithms.sorts.SortUtilsRandomGeneratorTest" time="0"/>
  <testcase name="generateArray[317]" classname="com.thealgorithms.sorts.SortUtilsRandomGeneratorTest" time="0"/>
  <testcase name="generateArray[318]" classname="com.thealgorithms.sorts.SortUtilsRandomGeneratorTest" time="0"/>
  <testcase name="generateArray[319]" classname="com.thealgorithms.sorts.SortUtilsRandomGeneratorTest" time="0"/>
  <testcase name="generateArray[320]" classname="com.thealgorithms.sorts.SortUtilsRandomGeneratorTest" time="0"/>
  <testcase name="generateArray[321]" classname="com.thealgorithms.sorts.SortUtilsRandomGeneratorTest" time="0"/>
  <testcase name="generateArray[322]" classname="com.thealgorithms.sorts.SortUtilsRandomGeneratorTest" time="0.001"/>
  <testcase name="generateArray[323]" classname="com.thealgorithms.sorts.SortUtilsRandomGeneratorTest" time="0"/>
  <testcase name="generateArray[324]" classname="com.thealgorithms.sorts.SortUtilsRandomGeneratorTest" time="0"/>
  <testcase name="generateArray[325]" classname="com.thealgorithms.sorts.SortUtilsRandomGeneratorTest" time="0"/>
  <testcase name="generateArray[326]" classname="com.thealgorithms.sorts.SortUtilsRandomGeneratorTest" time="0"/>
  <testcase name="generateArray[327]" classname="com.thealgorithms.sorts.SortUtilsRandomGeneratorTest" time="0"/>
  <testcase name="generateArray[328]" classname="com.thealgorithms.sorts.SortUtilsRandomGeneratorTest" time="0"/>
  <testcase name="generateArray[329]" classname="com.thealgorithms.sorts.SortUtilsRandomGeneratorTest" time="0.001"/>
  <testcase name="generateArray[330]" classname="com.thealgorithms.sorts.SortUtilsRandomGeneratorTest" time="0"/>
  <testcase name="generateArray[331]" classname="com.thealgorithms.sorts.SortUtilsRandomGeneratorTest" time="0"/>
  <testcase name="generateArray[332]" classname="com.thealgorithms.sorts.SortUtilsRandomGeneratorTest" time="0"/>
  <testcase name="generateArray[333]" classname="com.thealgorithms.sorts.SortUtilsRandomGeneratorTest" time="0"/>
  <testcase name="generateArray[334]" classname="com.thealgorithms.sorts.SortUtilsRandomGeneratorTest" time="0"/>
  <testcase name="generateArray[335]" classname="com.thealgorithms.sorts.SortUtilsRandomGeneratorTest" time="0"/>
  <testcase name="generateArray[336]" classname="com.thealgorithms.sorts.SortUtilsRandomGeneratorTest" time="0"/>
  <testcase name="generateArray[337]" classname="com.thealgorithms.sorts.SortUtilsRandomGeneratorTest" time="0"/>
  <testcase name="generateArray[338]" classname="com.thealgorithms.sorts.SortUtilsRandomGeneratorTest" time="0"/>
  <testcase name="generateArray[339]" classname="com.thealgorithms.sorts.SortUtilsRandomGeneratorTest" time="0"/>
  <testcase name="generateArray[340]" classname="com.thealgorithms.sorts.SortUtilsRandomGeneratorTest" time="0"/>
  <testcase name="generateArray[341]" classname="com.thealgorithms.sorts.SortUtilsRandomGeneratorTest" time="0"/>
  <testcase name="generateArray[342]" classname="com.thealgorithms.sorts.SortUtilsRandomGeneratorTest" time="0"/>
  <testcase name="generateArray[343]" classname="com.thealgorithms.sorts.SortUtilsRandomGeneratorTest" time="0"/>
  <testcase name="generateArray[344]" classname="com.thealgorithms.sorts.SortUtilsRandomGeneratorTest" time="0"/>
  <testcase name="generateArray[345]" classname="com.thealgorithms.sorts.SortUtilsRandomGeneratorTest" time="0"/>
  <testcase name="generateArray[346]" classname="com.thealgorithms.sorts.SortUtilsRandomGeneratorTest" time="0"/>
  <testcase name="generateArray[347]" classname="com.thealgorithms.sorts.SortUtilsRandomGeneratorTest" time="0"/>
  <testcase name="generateArray[348]" classname="com.thealgorithms.sorts.SortUtilsRandomGeneratorTest" time="0.001"/>
  <testcase name="generateArray[349]" classname="com.thealgorithms.sorts.SortUtilsRandomGeneratorTest" time="0"/>
  <testcase name="generateArray[350]" classname="com.thealgorithms.sorts.SortUtilsRandomGeneratorTest" time="0"/>
  <testcase name="generateArray[351]" classname="com.thealgorithms.sorts.SortUtilsRandomGeneratorTest" time="0"/>
  <testcase name="generateArray[352]" classname="com.thealgorithms.sorts.SortUtilsRandomGeneratorTest" time="0"/>
  <testcase name="generateArray[353]" classname="com.thealgorithms.sorts.SortUtilsRandomGeneratorTest" time="0"/>
  <testcase name="generateArray[354]" classname="com.thealgorithms.sorts.SortUtilsRandomGeneratorTest" time="0"/>
  <testcase name="generateArray[355]" classname="com.thealgorithms.sorts.SortUtilsRandomGeneratorTest" time="0"/>
  <testcase name="generateArray[356]" classname="com.thealgorithms.sorts.SortUtilsRandomGeneratorTest" time="0.001"/>
  <testcase name="generateArray[357]" classname="com.thealgorithms.sorts.SortUtilsRandomGeneratorTest" time="0"/>
  <testcase name="generateArray[358]" classname="com.thealgorithms.sorts.SortUtilsRandomGeneratorTest" time="0"/>
  <testcase name="generateArray[359]" classname="com.thealgorithms.sorts.SortUtilsRandomGeneratorTest" time="0"/>
  <testcase name="generateArray[360]" classname="com.thealgorithms.sorts.SortUtilsRandomGeneratorTest" time="0"/>
  <testcase name="generateArray[361]" classname="com.thealgorithms.sorts.SortUtilsRandomGeneratorTest" time="0"/>
  <testcase name="generateArray[362]" classname="com.thealgorithms.sorts.SortUtilsRandomGeneratorTest" time="0"/>
  <testcase name="generateArray[363]" classname="com.thealgorithms.sorts.SortUtilsRandomGeneratorTest" time="0"/>
  <testcase name="generateArray[364]" classname="com.thealgorithms.sorts.SortUtilsRandomGeneratorTest" time="0.001"/>
  <testcase name="generateArray[365]" classname="com.thealgorithms.sorts.SortUtilsRandomGeneratorTest" time="0"/>
  <testcase name="generateArray[366]" classname="com.thealgorithms.sorts.SortUtilsRandomGeneratorTest" time="0"/>
  <testcase name="generateArray[367]" classname="com.thealgorithms.sorts.SortUtilsRandomGeneratorTest" time="0"/>
  <testcase name="generateArray[368]" classname="com.thealgorithms.sorts.SortUtilsRandomGeneratorTest" time="0"/>
  <testcase name="generateArray[369]" classname="com.thealgorithms.sorts.SortUtilsRandomGeneratorTest" time="0"/>
  <testcase name="generateArray[370]" classname="com.thealgorithms.sorts.SortUtilsRandomGeneratorTest" time="0"/>
  <testcase name="generateArray[371]" classname="com.thealgorithms.sorts.SortUtilsRandomGeneratorTest" time="0"/>
  <testcase name="generateArray[372]" classname="com.thealgorithms.sorts.SortUtilsRandomGeneratorTest" time="0"/>
  <testcase name="generateArray[373]" classname="com.thealgorithms.sorts.SortUtilsRandomGeneratorTest" time="0"/>
  <testcase name="generateArray[374]" classname="com.thealgorithms.sorts.SortUtilsRandomGeneratorTest" time="0"/>
  <testcase name="generateArray[375]" classname="com.thealgorithms.sorts.SortUtilsRandomGeneratorTest" time="0"/>
  <testcase name="generateArray[376]" classname="com.thealgorithms.sorts.SortUtilsRandomGeneratorTest" time="0"/>
  <testcase name="generateArray[377]" classname="com.thealgorithms.sorts.SortUtilsRandomGeneratorTest" time="0"/>
  <testcase name="generateArray[378]" classname="com.thealgorithms.sorts.SortUtilsRandomGeneratorTest" time="0.001"/>
  <testcase name="generateArray[379]" classname="com.thealgorithms.sorts.SortUtilsRandomGeneratorTest" time="0"/>
  <testcase name="generateArray[380]" classname="com.thealgorithms.sorts.SortUtilsRandomGeneratorTest" time="0"/>
  <testcase name="generateArray[381]" classname="com.thealgorithms.sorts.SortUtilsRandomGeneratorTest" time="0"/>
  <testcase name="generateArray[382]" classname="com.thealgorithms.sorts.SortUtilsRandomGeneratorTest" time="0"/>
  <testcase name="generateArray[383]" classname="com.thealgorithms.sorts.SortUtilsRandomGeneratorTest" time="0"/>
  <testcase name="generateArray[384]" classname="com.thealgorithms.sorts.SortUtilsRandomGeneratorTest" time="0"/>
  <testcase name="generateArray[385]" classname="com.thealgorithms.sorts.SortUtilsRandomGeneratorTest" time="0"/>
  <testcase name="generateArray[386]" classname="com.thealgorithms.sorts.SortUtilsRandomGeneratorTest" time="0.001"/>
  <testcase name="generateArray[387]" classname="com.thealgorithms.sorts.SortUtilsRandomGeneratorTest" time="0"/>
  <testcase name="generateArray[388]" classname="com.thealgorithms.sorts.SortUtilsRandomGeneratorTest" time="0"/>
  <testcase name="generateArray[389]" classname="com.thealgorithms.sorts.SortUtilsRandomGeneratorTest" time="0"/>
  <testcase name="generateArray[390]" classname="com.thealgorithms.sorts.SortUtilsRandomGeneratorTest" time="0"/>
  <testcase name="generateArray[391]" classname="com.thealgorithms.sorts.SortUtilsRandomGeneratorTest" time="0"/>
  <testcase name="generateArray[392]" classname="com.thealgorithms.sorts.SortUtilsRandomGeneratorTest" time="0"/>
  <testcase name="generateArray[393]" classname="com.thealgorithms.sorts.SortUtilsRandomGeneratorTest" time="0"/>
  <testcase name="generateArray[394]" classname="com.thealgorithms.sorts.SortUtilsRandomGeneratorTest" time="0"/>
  <testcase name="generateArray[395]" classname="com.thealgorithms.sorts.SortUtilsRandomGeneratorTest" time="0"/>
  <testcase name="generateArray[396]" classname="com.thealgorithms.sorts.SortUtilsRandomGeneratorTest" time="0"/>
  <testcase name="generateArray[397]" classname="com.thealgorithms.sorts.SortUtilsRandomGeneratorTest" time="0"/>
  <testcase name="generateArray[398]" classname="com.thealgorithms.sorts.SortUtilsRandomGeneratorTest" time="0"/>
  <testcase name="generateArray[399]" classname="com.thealgorithms.sorts.SortUtilsRandomGeneratorTest" time="0"/>
  <testcase name="generateArray[400]" classname="com.thealgorithms.sorts.SortUtilsRandomGeneratorTest" time="0"/>
  <testcase name="generateArray[401]" classname="com.thealgorithms.sorts.SortUtilsRandomGeneratorTest" time="0"/>
  <testcase name="generateArray[402]" classname="com.thealgorithms.sorts.SortUtilsRandomGeneratorTest" time="0"/>
  <testcase name="generateArray[403]" classname="com.thealgorithms.sorts.SortUtilsRandomGeneratorTest" time="0"/>
  <testcase name="generateArray[404]" classname="com.thealgorithms.sorts.SortUtilsRandomGeneratorTest" time="0"/>
  <testcase name="generateArray[405]" classname="com.thealgorithms.sorts.SortUtilsRandomGeneratorTest" time="0"/>
  <testcase name="generateArray[406]" classname="com.thealgorithms.sorts.SortUtilsRandomGeneratorTest" time="0"/>
  <testcase name="generateArray[407]" classname="com.thealgorithms.sorts.SortUtilsRandomGeneratorTest" time="0"/>
  <testcase name="generateArray[408]" classname="com.thealgorithms.sorts.SortUtilsRandomGeneratorTest" time="0.001"/>
  <testcase name="generateArray[409]" classname="com.thealgorithms.sorts.SortUtilsRandomGeneratorTest" time="0"/>
  <testcase name="generateArray[410]" classname="com.thealgorithms.sorts.SortUtilsRandomGeneratorTest" time="0"/>
  <testcase name="generateArray[411]" classname="com.thealgorithms.sorts.SortUtilsRandomGeneratorTest" time="0"/>
  <testcase name="generateArray[412]" classname="com.thealgorithms.sorts.SortUtilsRandomGeneratorTest" time="0"/>
  <testcase name="generateArray[413]" classname="com.thealgorithms.sorts.SortUtilsRandomGeneratorTest" time="0"/>
  <testcase name="generateArray[414]" classname="com.thealgorithms.sorts.SortUtilsRandomGeneratorTest" time="0"/>
  <testcase name="generateArray[415]" classname="com.thealgorithms.sorts.SortUtilsRandomGeneratorTest" time="0"/>
  <testcase name="generateArray[416]" classname="com.thealgorithms.sorts.SortUtilsRandomGeneratorTest" time="0"/>
  <testcase name="generateArray[417]" classname="com.thealgorithms.sorts.SortUtilsRandomGeneratorTest" time="0"/>
  <testcase name="generateArray[418]" classname="com.thealgorithms.sorts.SortUtilsRandomGeneratorTest" time="0"/>
  <testcase name="generateArray[419]" classname="com.thealgorithms.sorts.SortUtilsRandomGeneratorTest" time="0"/>
  <testcase name="generateArray[420]" classname="com.thealgorithms.sorts.SortUtilsRandomGeneratorTest" time="0"/>
  <testcase name="generateArray[421]" classname="com.thealgorithms.sorts.SortUtilsRandomGeneratorTest" time="0"/>
  <testcase name="generateArray[422]" classname="com.thealgorithms.sorts.SortUtilsRandomGeneratorTest" time="0"/>
  <testcase name="generateArray[423]" classname="com.thealgorithms.sorts.SortUtilsRandomGeneratorTest" time="0.001"/>
  <testcase name="generateArray[424]" classname="com.thealgorithms.sorts.SortUtilsRandomGeneratorTest" time="0"/>
  <testcase name="generateArray[425]" classname="com.thealgorithms.sorts.SortUtilsRandomGeneratorTest" time="0"/>
  <testcase name="generateArray[426]" classname="com.thealgorithms.sorts.SortUtilsRandomGeneratorTest" time="0"/>
  <testcase name="generateArray[427]" classname="com.thealgorithms.sorts.SortUtilsRandomGeneratorTest" time="0"/>
  <testcase name="generateArray[428]" classname="com.thealgorithms.sorts.SortUtilsRandomGeneratorTest" time="0"/>
  <testcase name="generateArray[429]" classname="com.thealgorithms.sorts.SortUtilsRandomGeneratorTest" time="0"/>
  <testcase name="generateArray[430]" classname="com.thealgorithms.sorts.SortUtilsRandomGeneratorTest" time="0"/>
  <testcase name="generateArray[431]" classname="com.thealgorithms.sorts.SortUtilsRandomGeneratorTest" time="0.001"/>
  <testcase name="generateArray[432]" classname="com.thealgorithms.sorts.SortUtilsRandomGeneratorTest" time="0"/>
  <testcase name="generateArray[433]" classname="com.thealgorithms.sorts.SortUtilsRandomGeneratorTest" time="0"/>
  <testcase name="generateArray[434]" classname="com.thealgorithms.sorts.SortUtilsRandomGeneratorTest" time="0"/>
  <testcase name="generateArray[435]" classname="com.thealgorithms.sorts.SortUtilsRandomGeneratorTest" time="0"/>
  <testcase name="generateArray[436]" classname="com.thealgorithms.sorts.SortUtilsRandomGeneratorTest" time="0"/>
  <testcase name="generateArray[437]" classname="com.thealgorithms.sorts.SortUtilsRandomGeneratorTest" time="0"/>
  <testcase name="generateArray[438]" classname="com.thealgorithms.sorts.SortUtilsRandomGeneratorTest" time="0.001"/>
  <testcase name="generateArray[439]" classname="com.thealgorithms.sorts.SortUtilsRandomGeneratorTest" time="0"/>
  <testcase name="generateArray[440]" classname="com.thealgorithms.sorts.SortUtilsRandomGeneratorTest" time="0"/>
  <testcase name="generateArray[441]" classname="com.thealgorithms.sorts.SortUtilsRandomGeneratorTest" time="0"/>
  <testcase name="generateArray[442]" classname="com.thealgorithms.sorts.SortUtilsRandomGeneratorTest" time="0"/>
  <testcase name="generateArray[443]" classname="com.thealgorithms.sorts.SortUtilsRandomGeneratorTest" time="0"/>
  <testcase name="generateArray[444]" classname="com.thealgorithms.sorts.SortUtilsRandomGeneratorTest" time="0"/>
  <testcase name="generateArray[445]" classname="com.thealgorithms.sorts.SortUtilsRandomGeneratorTest" time="0"/>
  <testcase name="generateArray[446]" classname="com.thealgorithms.sorts.SortUtilsRandomGeneratorTest" time="0"/>
  <testcase name="generateArray[447]" classname="com.thealgorithms.sorts.SortUtilsRandomGeneratorTest" time="0"/>
  <testcase name="generateArray[448]" classname="com.thealgorithms.sorts.SortUtilsRandomGeneratorTest" time="0"/>
  <testcase name="generateArray[449]" classname="com.thealgorithms.sorts.SortUtilsRandomGeneratorTest" time="0"/>
  <testcase name="generateArray[450]" classname="com.thealgorithms.sorts.SortUtilsRandomGeneratorTest" time="0"/>
  <testcase name="generateArray[451]" classname="com.thealgorithms.sorts.SortUtilsRandomGeneratorTest" time="0"/>
  <testcase name="generateArray[452]" classname="com.thealgorithms.sorts.SortUtilsRandomGeneratorTest" time="0"/>
  <testcase name="generateArray[453]" classname="com.thealgorithms.sorts.SortUtilsRandomGeneratorTest" time="0.001"/>
  <testcase name="generateArray[454]" classname="com.thealgorithms.sorts.SortUtilsRandomGeneratorTest" time="0"/>
  <testcase name="generateArray[455]" classname="com.thealgorithms.sorts.SortUtilsRandomGeneratorTest" time="0"/>
  <testcase name="generateArray[456]" classname="com.thealgorithms.sorts.SortUtilsRandomGeneratorTest" time="0"/>
  <testcase name="generateArray[457]" classname="com.thealgorithms.sorts.SortUtilsRandomGeneratorTest" time="0"/>
  <testcase name="generateArray[458]" classname="com.thealgorithms.sorts.SortUtilsRandomGeneratorTest" time="0"/>
  <testcase name="generateArray[459]" classname="com.thealgorithms.sorts.SortUtilsRandomGeneratorTest" time="0.001"/>
  <testcase name="generateArray[460]" classname="com.thealgorithms.sorts.SortUtilsRandomGeneratorTest" time="0"/>
  <testcase name="generateArray[461]" classname="com.thealgorithms.sorts.SortUtilsRandomGeneratorTest" time="0"/>
  <testcase name="generateArray[462]" classname="com.thealgorithms.sorts.SortUtilsRandomGeneratorTest" time="0"/>
  <testcase name="generateArray[463]" classname="com.thealgorithms.sorts.SortUtilsRandomGeneratorTest" time="0"/>
  <testcase name="generateArray[464]" classname="com.thealgorithms.sorts.SortUtilsRandomGeneratorTest" time="0"/>
  <testcase name="generateArray[465]" classname="com.thealgorithms.sorts.SortUtilsRandomGeneratorTest" time="0"/>
  <testcase name="generateArray[466]" classname="com.thealgorithms.sorts.SortUtilsRandomGeneratorTest" time="0"/>
  <testcase name="generateArray[467]" classname="com.thealgorithms.sorts.SortUtilsRandomGeneratorTest" time="0.001"/>
  <testcase name="generateArray[468]" classname="com.thealgorithms.sorts.SortUtilsRandomGeneratorTest" time="0"/>
  <testcase name="generateArray[469]" classname="com.thealgorithms.sorts.SortUtilsRandomGeneratorTest" time="0"/>
  <testcase name="generateArray[470]" classname="com.thealgorithms.sorts.SortUtilsRandomGeneratorTest" time="0"/>
  <testcase name="generateArray[471]" classname="com.thealgorithms.sorts.SortUtilsRandomGeneratorTest" time="0"/>
  <testcase name="generateArray[472]" classname="com.thealgorithms.sorts.SortUtilsRandomGeneratorTest" time="0"/>
  <testcase name="generateArray[473]" classname="com.thealgorithms.sorts.SortUtilsRandomGeneratorTest" time="0"/>
  <testcase name="generateArray[474]" classname="com.thealgorithms.sorts.SortUtilsRandomGeneratorTest" time="0.001"/>
  <testcase name="generateArray[475]" classname="com.thealgorithms.sorts.SortUtilsRandomGeneratorTest" time="0"/>
  <testcase name="generateArray[476]" classname="com.thealgorithms.sorts.SortUtilsRandomGeneratorTest" time="0"/>
  <testcase name="generateArray[477]" classname="com.thealgorithms.sorts.SortUtilsRandomGeneratorTest" time="0"/>
  <testcase name="generateArray[478]" classname="com.thealgorithms.sorts.SortUtilsRandomGeneratorTest" time="0"/>
  <testcase name="generateArray[479]" classname="com.thealgorithms.sorts.SortUtilsRandomGeneratorTest" time="0"/>
  <testcase name="generateArray[480]" classname="com.thealgorithms.sorts.SortUtilsRandomGeneratorTest" time="0"/>
  <testcase name="generateArray[481]" classname="com.thealgorithms.sorts.SortUtilsRandomGeneratorTest" time="0"/>
  <testcase name="generateArray[482]" classname="com.thealgorithms.sorts.SortUtilsRandomGeneratorTest" time="0.001"/>
  <testcase name="generateArray[483]" classname="com.thealgorithms.sorts.SortUtilsRandomGeneratorTest" time="0"/>
  <testcase name="generateArray[484]" classname="com.thealgorithms.sorts.SortUtilsRandomGeneratorTest" time="0"/>
  <testcase name="generateArray[485]" classname="com.thealgorithms.sorts.SortUtilsRandomGeneratorTest" time="0"/>
  <testcase name="generateArray[486]" classname="com.thealgorithms.sorts.SortUtilsRandomGeneratorTest" time="0"/>
  <testcase name="generateArray[487]" classname="com.thealgorithms.sorts.SortUtilsRandomGeneratorTest" time="0"/>
  <testcase name="generateArray[488]" classname="com.thealgorithms.sorts.SortUtilsRandomGeneratorTest" time="0"/>
  <testcase name="generateArray[489]" classname="com.thealgorithms.sorts.SortUtilsRandomGeneratorTest" time="0.001"/>
  <testcase name="generateArray[490]" classname="com.thealgorithms.sorts.SortUtilsRandomGeneratorTest" time="0"/>
  <testcase name="generateArray[491]" classname="com.thealgorithms.sorts.SortUtilsRandomGeneratorTest" time="0"/>
  <testcase name="generateArray[492]" classname="com.thealgorithms.sorts.SortUtilsRandomGeneratorTest" time="0"/>
  <testcase name="generateArray[493]" classname="com.thealgorithms.sorts.SortUtilsRandomGeneratorTest" time="0"/>
  <testcase name="generateArray[494]" classname="com.thealgorithms.sorts.SortUtilsRandomGeneratorTest" time="0"/>
  <testcase name="generateArray[495]" classname="com.thealgorithms.sorts.SortUtilsRandomGeneratorTest" time="0"/>
  <testcase name="generateArray[496]" classname="com.thealgorithms.sorts.SortUtilsRandomGeneratorTest" time="0.001"/>
  <testcase name="generateArray[497]" classname="com.thealgorithms.sorts.SortUtilsRandomGeneratorTest" time="0"/>
  <testcase name="generateArray[498]" classname="com.thealgorithms.sorts.SortUtilsRandomGeneratorTest" time="0"/>
  <testcase name="generateArray[499]" classname="com.thealgorithms.sorts.SortUtilsRandomGeneratorTest" time="0"/>
  <testcase name="generateArray[500]" classname="com.thealgorithms.sorts.SortUtilsRandomGeneratorTest" time="0"/>
  <testcase name="generateArray[501]" classname="com.thealgorithms.sorts.SortUtilsRandomGeneratorTest" time="0"/>
  <testcase name="generateArray[502]" classname="com.thealgorithms.sorts.SortUtilsRandomGeneratorTest" time="0"/>
  <testcase name="generateArray[503]" classname="com.thealgorithms.sorts.SortUtilsRandomGeneratorTest" time="0"/>
  <testcase name="generateArray[504]" classname="com.thealgorithms.sorts.SortUtilsRandomGeneratorTest" time="0.001"/>
  <testcase name="generateArray[505]" classname="com.thealgorithms.sorts.SortUtilsRandomGeneratorTest" time="0"/>
  <testcase name="generateArray[506]" classname="com.thealgorithms.sorts.SortUtilsRandomGeneratorTest" time="0"/>
  <testcase name="generateArray[507]" classname="com.thealgorithms.sorts.SortUtilsRandomGeneratorTest" time="0"/>
  <testcase name="generateArray[508]" classname="com.thealgorithms.sorts.SortUtilsRandomGeneratorTest" time="0"/>
  <testcase name="generateArray[509]" classname="com.thealgorithms.sorts.SortUtilsRandomGeneratorTest" time="0"/>
  <testcase name="generateArray[510]" classname="com.thealgorithms.sorts.SortUtilsRandomGeneratorTest" time="0"/>
  <testcase name="generateArray[511]" classname="com.thealgorithms.sorts.SortUtilsRandomGeneratorTest" time="0.001"/>
  <testcase name="generateArray[512]" classname="com.thealgorithms.sorts.SortUtilsRandomGeneratorTest" time="0"/>
  <testcase name="generateArray[513]" classname="com.thealgorithms.sorts.SortUtilsRandomGeneratorTest" time="0"/>
  <testcase name="generateArray[514]" classname="com.thealgorithms.sorts.SortUtilsRandomGeneratorTest" time="0"/>
  <testcase name="generateArray[515]" classname="com.thealgorithms.sorts.SortUtilsRandomGeneratorTest" time="0"/>
  <testcase name="generateArray[516]" classname="com.thealgorithms.sorts.SortUtilsRandomGeneratorTest" time="0"/>
  <testcase name="generateArray[517]" classname="com.thealgorithms.sorts.SortUtilsRandomGeneratorTest" time="0"/>
  <testcase name="generateArray[518]" classname="com.thealgorithms.sorts.SortUtilsRandomGeneratorTest" time="0"/>
  <testcase name="generateArray[519]" classname="com.thealgorithms.sorts.SortUtilsRandomGeneratorTest" time="0.001"/>
  <testcase name="generateArray[520]" classname="com.thealgorithms.sorts.SortUtilsRandomGeneratorTest" time="0"/>
  <testcase name="generateArray[521]" classname="com.thealgorithms.sorts.SortUtilsRandomGeneratorTest" time="0"/>
  <testcase name="generateArray[522]" classname="com.thealgorithms.sorts.SortUtilsRandomGeneratorTest" time="0"/>
  <testcase name="generateArray[523]" classname="com.thealgorithms.sorts.SortUtilsRandomGeneratorTest" time="0"/>
  <testcase name="generateArray[524]" classname="com.thealgorithms.sorts.SortUtilsRandomGeneratorTest" time="0"/>
  <testcase name="generateArray[525]" classname="com.thealgorithms.sorts.SortUtilsRandomGeneratorTest" time="0"/>
  <testcase name="generateArray[526]" classname="com.thealgorithms.sorts.SortUtilsRandomGeneratorTest" time="0.001"/>
  <testcase name="generateArray[527]" classname="com.thealgorithms.sorts.SortUtilsRandomGeneratorTest" time="0"/>
  <testcase name="generateArray[528]" classname="com.thealgorithms.sorts.SortUtilsRandomGeneratorTest" time="0"/>
  <testcase name="generateArray[529]" classname="com.thealgorithms.sorts.SortUtilsRandomGeneratorTest" time="0"/>
  <testcase name="generateArray[530]" classname="com.thealgorithms.sorts.SortUtilsRandomGeneratorTest" time="0"/>
  <testcase name="generateArray[531]" classname="com.thealgorithms.sorts.SortUtilsRandomGeneratorTest" time="0"/>
  <testcase name="generateArray[532]" classname="com.thealgorithms.sorts.SortUtilsRandomGeneratorTest" time="0"/>
  <testcase name="generateArray[533]" classname="com.thealgorithms.sorts.SortUtilsRandomGeneratorTest" time="0"/>
  <testcase name="generateArray[534]" classname="com.thealgorithms.sorts.SortUtilsRandomGeneratorTest" time="0.001"/>
  <testcase name="generateArray[535]" classname="com.thealgorithms.sorts.SortUtilsRandomGeneratorTest" time="0"/>
  <testcase name="generateArray[536]" classname="com.thealgorithms.sorts.SortUtilsRandomGeneratorTest" time="0"/>
  <testcase name="generateArray[537]" classname="com.thealgorithms.sorts.SortUtilsRandomGeneratorTest" time="0"/>
  <testcase name="generateArray[538]" classname="com.thealgorithms.sorts.SortUtilsRandomGeneratorTest" time="0"/>
  <testcase name="generateArray[539]" classname="com.thealgorithms.sorts.SortUtilsRandomGeneratorTest" time="0"/>
  <testcase name="generateArray[540]" classname="com.thealgorithms.sorts.SortUtilsRandomGeneratorTest" time="0"/>
  <testcase name="generateArray[541]" classname="com.thealgorithms.sorts.SortUtilsRandomGeneratorTest" time="0"/>
  <testcase name="generateArray[542]" classname="com.thealgorithms.sorts.SortUtilsRandomGeneratorTest" time="0.001"/>
  <testcase name="generateArray[543]" classname="com.thealgorithms.sorts.SortUtilsRandomGeneratorTest" time="0"/>
  <testcase name="generateArray[544]" classname="com.thealgorithms.sorts.SortUtilsRandomGeneratorTest" time="0"/>
  <testcase name="generateArray[545]" classname="com.thealgorithms.sorts.SortUtilsRandomGeneratorTest" time="0"/>
  <testcase name="generateArray[546]" classname="com.thealgorithms.sorts.SortUtilsRandomGeneratorTest" time="0"/>
  <testcase name="generateArray[547]" classname="com.thealgorithms.sorts.SortUtilsRandomGeneratorTest" time="0"/>
  <testcase name="generateArray[548]" classname="com.thealgorithms.sorts.SortUtilsRandomGeneratorTest" time="0"/>
  <testcase name="generateArray[549]" classname="com.thealgorithms.sorts.SortUtilsRandomGeneratorTest" time="0"/>
  <testcase name="generateArray[550]" classname="com.thealgorithms.sorts.SortUtilsRandomGeneratorTest" time="0.001"/>
  <testcase name="generateArray[551]" classname="com.thealgorithms.sorts.SortUtilsRandomGeneratorTest" time="0"/>
  <testcase name="generateArray[552]" classname="com.thealgorithms.sorts.SortUtilsRandomGeneratorTest" time="0"/>
  <testcase name="generateArray[553]" classname="com.thealgorithms.sorts.SortUtilsRandomGeneratorTest" time="0"/>
  <testcase name="generateArray[554]" classname="com.thealgorithms.sorts.SortUtilsRandomGeneratorTest" time="0"/>
  <testcase name="generateArray[555]" classname="com.thealgorithms.sorts.SortUtilsRandomGeneratorTest" time="0"/>
  <testcase name="generateArray[556]" classname="com.thealgorithms.sorts.SortUtilsRandomGeneratorTest" time="0"/>
  <testcase name="generateArray[557]" classname="com.thealgorithms.sorts.SortUtilsRandomGeneratorTest" time="0"/>
  <testcase name="generateArray[558]" classname="com.thealgorithms.sorts.SortUtilsRandomGeneratorTest" time="0.001"/>
  <testcase name="generateArray[559]" classname="com.thealgorithms.sorts.SortUtilsRandomGeneratorTest" time="0"/>
  <testcase name="generateArray[560]" classname="com.thealgorithms.sorts.SortUtilsRandomGeneratorTest" time="0"/>
  <testcase name="generateArray[561]" classname="com.thealgorithms.sorts.SortUtilsRandomGeneratorTest" time="0"/>
  <testcase name="generateArray[562]" classname="com.thealgorithms.sorts.SortUtilsRandomGeneratorTest" time="0"/>
  <testcase name="generateArray[563]" classname="com.thealgorithms.sorts.SortUtilsRandomGeneratorTest" time="0"/>
  <testcase name="generateArray[564]" classname="com.thealgorithms.sorts.SortUtilsRandomGeneratorTest" time="0"/>
  <testcase name="generateArray[565]" classname="com.thealgorithms.sorts.SortUtilsRandomGeneratorTest" time="0.001"/>
  <testcase name="generateArray[566]" classname="com.thealgorithms.sorts.SortUtilsRandomGeneratorTest" time="0"/>
  <testcase name="generateArray[567]" classname="com.thealgorithms.sorts.SortUtilsRandomGeneratorTest" time="0"/>
  <testcase name="generateArray[568]" classname="com.thealgorithms.sorts.SortUtilsRandomGeneratorTest" time="0"/>
  <testcase name="generateArray[569]" classname="com.thealgorithms.sorts.SortUtilsRandomGeneratorTest" time="0"/>
  <testcase name="generateArray[570]" classname="com.thealgorithms.sorts.SortUtilsRandomGeneratorTest" time="0"/>
  <testcase name="generateArray[571]" classname="com.thealgorithms.sorts.SortUtilsRandomGeneratorTest" time="0"/>
  <testcase name="generateArray[572]" classname="com.thealgorithms.sorts.SortUtilsRandomGeneratorTest" time="0.001"/>
  <testcase name="generateArray[573]" classname="com.thealgorithms.sorts.SortUtilsRandomGeneratorTest" time="0"/>
  <testcase name="generateArray[574]" classname="com.thealgorithms.sorts.SortUtilsRandomGeneratorTest" time="0"/>
  <testcase name="generateArray[575]" classname="com.thealgorithms.sorts.SortUtilsRandomGeneratorTest" time="0"/>
  <testcase name="generateArray[576]" classname="com.thealgorithms.sorts.SortUtilsRandomGeneratorTest" time="0"/>
  <testcase name="generateArray[577]" classname="com.thealgorithms.sorts.SortUtilsRandomGeneratorTest" time="0"/>
  <testcase name="generateArray[578]" classname="com.thealgorithms.sorts.SortUtilsRandomGeneratorTest" time="0"/>
  <testcase name="generateArray[579]" classname="com.thealgorithms.sorts.SortUtilsRandomGeneratorTest" time="0.001"/>
  <testcase name="generateArray[580]" classname="com.thealgorithms.sorts.SortUtilsRandomGeneratorTest" time="0"/>
  <testcase name="generateArray[581]" classname="com.thealgorithms.sorts.SortUtilsRandomGeneratorTest" time="0"/>
  <testcase name="generateArray[582]" classname="com.thealgorithms.sorts.SortUtilsRandomGeneratorTest" time="0"/>
  <testcase name="generateArray[583]" classname="com.thealgorithms.sorts.SortUtilsRandomGeneratorTest" time="0"/>
  <testcase name="generateArray[584]" classname="com.thealgorithms.sorts.SortUtilsRandomGeneratorTest" time="0"/>
  <testcase name="generateArray[585]" classname="com.thealgorithms.sorts.SortUtilsRandomGeneratorTest" time="0"/>
  <testcase name="generateArray[586]" classname="com.thealgorithms.sorts.SortUtilsRandomGeneratorTest" time="0"/>
  <testcase name="generateArray[587]" classname="com.thealgorithms.sorts.SortUtilsRandomGeneratorTest" time="0.001"/>
  <testcase name="generateArray[588]" classname="com.thealgorithms.sorts.SortUtilsRandomGeneratorTest" time="0"/>
  <testcase name="generateArray[589]" classname="com.thealgorithms.sorts.SortUtilsRandomGeneratorTest" time="0"/>
  <testcase name="generateArray[590]" classname="com.thealgorithms.sorts.SortUtilsRandomGeneratorTest" time="0"/>
  <testcase name="generateArray[591]" classname="com.thealgorithms.sorts.SortUtilsRandomGeneratorTest" time="0"/>
  <testcase name="generateArray[592]" classname="com.thealgorithms.sorts.SortUtilsRandomGeneratorTest" time="0"/>
  <testcase name="generateArray[593]" classname="com.thealgorithms.sorts.SortUtilsRandomGeneratorTest" time="0"/>
  <testcase name="generateArray[594]" classname="com.thealgorithms.sorts.SortUtilsRandomGeneratorTest" time="0"/>
  <testcase name="generateArray[595]" classname="com.thealgorithms.sorts.SortUtilsRandomGeneratorTest" time="0.001"/>
  <testcase name="generateArray[596]" classname="com.thealgorithms.sorts.SortUtilsRandomGeneratorTest" time="0"/>
  <testcase name="generateArray[597]" classname="com.thealgorithms.sorts.SortUtilsRandomGeneratorTest" time="0"/>
  <testcase name="generateArray[598]" classname="com.thealgorithms.sorts.SortUtilsRandomGeneratorTest" time="0"/>
  <testcase name="generateArray[599]" classname="com.thealgorithms.sorts.SortUtilsRandomGeneratorTest" time="0"/>
  <testcase name="generateArray[600]" classname="com.thealgorithms.sorts.SortUtilsRandomGeneratorTest" time="0"/>
  <testcase name="generateArray[601]" classname="com.thealgorithms.sorts.SortUtilsRandomGeneratorTest" time="0"/>
  <testcase name="generateArray[602]" classname="com.thealgorithms.sorts.SortUtilsRandomGeneratorTest" time="0.001"/>
  <testcase name="generateArray[603]" classname="com.thealgorithms.sorts.SortUtilsRandomGeneratorTest" time="0"/>
  <testcase name="generateArray[604]" classname="com.thealgorithms.sorts.SortUtilsRandomGeneratorTest" time="0"/>
  <testcase name="generateArray[605]" classname="com.thealgorithms.sorts.SortUtilsRandomGeneratorTest" time="0"/>
  <testcase name="generateArray[606]" classname="com.thealgorithms.sorts.SortUtilsRandomGeneratorTest" time="0"/>
  <testcase name="generateArray[607]" classname="com.thealgorithms.sorts.SortUtilsRandomGeneratorTest" time="0"/>
  <testcase name="generateArray[608]" classname="com.thealgorithms.sorts.SortUtilsRandomGeneratorTest" time="0"/>
  <testcase name="generateArray[609]" classname="com.thealgorithms.sorts.SortUtilsRandomGeneratorTest" time="0.001"/>
  <testcase name="generateArray[610]" classname="com.thealgorithms.sorts.SortUtilsRandomGeneratorTest" time="0"/>
  <testcase name="generateArray[611]" classname="com.thealgorithms.sorts.SortUtilsRandomGeneratorTest" time="0"/>
  <testcase name="generateArray[612]" classname="com.thealgorithms.sorts.SortUtilsRandomGeneratorTest" time="0"/>
  <testcase name="generateArray[613]" classname="com.thealgorithms.sorts.SortUtilsRandomGeneratorTest" time="0"/>
  <testcase name="generateArray[614]" classname="com.thealgorithms.sorts.SortUtilsRandomGeneratorTest" time="0"/>
  <testcase name="generateArray[615]" classname="com.thealgorithms.sorts.SortUtilsRandomGeneratorTest" time="0"/>
  <testcase name="generateArray[616]" classname="com.thealgorithms.sorts.SortUtilsRandomGeneratorTest" time="0.001"/>
  <testcase name="generateArray[617]" classname="com.thealgorithms.sorts.SortUtilsRandomGeneratorTest" time="0"/>
  <testcase name="generateArray[618]" classname="com.thealgorithms.sorts.SortUtilsRandomGeneratorTest" time="0"/>
  <testcase name="generateArray[619]" classname="com.thealgorithms.sorts.SortUtilsRandomGeneratorTest" time="0"/>
  <testcase name="generateArray[620]" classname="com.thealgorithms.sorts.SortUtilsRandomGeneratorTest" time="0"/>
  <testcase name="generateArray[621]" classname="com.thealgorithms.sorts.SortUtilsRandomGeneratorTest" time="0"/>
  <testcase name="generateArray[622]" classname="com.thealgorithms.sorts.SortUtilsRandomGeneratorTest" time="0"/>
  <testcase name="generateArray[623]" classname="com.thealgorithms.sorts.SortUtilsRandomGeneratorTest" time="0"/>
  <testcase name="generateArray[624]" classname="com.thealgorithms.sorts.SortUtilsRandomGeneratorTest" time="0.001"/>
  <testcase name="generateArray[625]" classname="com.thealgorithms.sorts.SortUtilsRandomGeneratorTest" time="0"/>
  <testcase name="generateArray[626]" classname="com.thealgorithms.sorts.SortUtilsRandomGeneratorTest" time="0"/>
  <testcase name="generateArray[627]" classname="com.thealgorithms.sorts.SortUtilsRandomGeneratorTest" time="0"/>
  <testcase name="generateArray[628]" classname="com.thealgorithms.sorts.SortUtilsRandomGeneratorTest" time="0"/>
  <testcase name="generateArray[629]" classname="com.thealgorithms.sorts.SortUtilsRandomGeneratorTest" time="0"/>
  <testcase name="generateArray[630]" classname="com.thealgorithms.sorts.SortUtilsRandomGeneratorTest" time="0"/>
  <testcase name="generateArray[631]" classname="com.thealgorithms.sorts.SortUtilsRandomGeneratorTest" time="0.001"/>
  <testcase name="generateArray[632]" classname="com.thealgorithms.sorts.SortUtilsRandomGeneratorTest" time="0"/>
  <testcase name="generateArray[633]" classname="com.thealgorithms.sorts.SortUtilsRandomGeneratorTest" time="0"/>
  <testcase name="generateArray[634]" classname="com.thealgorithms.sorts.SortUtilsRandomGeneratorTest" time="0"/>
  <testcase name="generateArray[635]" classname="com.thealgorithms.sorts.SortUtilsRandomGeneratorTest" time="0"/>
  <testcase name="generateArray[636]" classname="com.thealgorithms.sorts.SortUtilsRandomGeneratorTest" time="0"/>
  <testcase name="generateArray[637]" classname="com.thealgorithms.sorts.SortUtilsRandomGeneratorTest" time="0"/>
  <testcase name="generateArray[638]" classname="com.thealgorithms.sorts.SortUtilsRandomGeneratorTest" time="0"/>
  <testcase name="generateArray[639]" classname="com.thealgorithms.sorts.SortUtilsRandomGeneratorTest" time="0.001"/>
  <testcase name="generateArray[640]" classname="com.thealgorithms.sorts.SortUtilsRandomGeneratorTest" time="0"/>
  <testcase name="generateArray[641]" classname="com.thealgorithms.sorts.SortUtilsRandomGeneratorTest" time="0"/>
  <testcase name="generateArray[642]" classname="com.thealgorithms.sorts.SortUtilsRandomGeneratorTest" time="0"/>
  <testcase name="generateArray[643]" classname="com.thealgorithms.sorts.SortUtilsRandomGeneratorTest" time="0"/>
  <testcase name="generateArray[644]" classname="com.thealgorithms.sorts.SortUtilsRandomGeneratorTest" time="0"/>
  <testcase name="generateArray[645]" classname="com.thealgorithms.sorts.SortUtilsRandomGeneratorTest" time="0"/>
  <testcase name="generateArray[646]" classname="com.thealgorithms.sorts.SortUtilsRandomGeneratorTest" time="0"/>
  <testcase name="generateArray[647]" classname="com.thealgorithms.sorts.SortUtilsRandomGeneratorTest" time="0.001"/>
  <testcase name="generateArray[648]" classname="com.thealgorithms.sorts.SortUtilsRandomGeneratorTest" time="0"/>
  <testcase name="generateArray[649]" classname="com.thealgorithms.sorts.SortUtilsRandomGeneratorTest" time="0"/>
  <testcase name="generateArray[650]" classname="com.thealgorithms.sorts.SortUtilsRandomGeneratorTest" time="0"/>
  <testcase name="generateArray[651]" classname="com.thealgorithms.sorts.SortUtilsRandomGeneratorTest" time="0"/>
  <testcase name="generateArray[652]" classname="com.thealgorithms.sorts.SortUtilsRandomGeneratorTest" time="0"/>
  <testcase name="generateArray[653]" classname="com.thealgorithms.sorts.SortUtilsRandomGeneratorTest" time="0"/>
  <testcase name="generateArray[654]" classname="com.thealgorithms.sorts.SortUtilsRandomGeneratorTest" time="0"/>
  <testcase name="generateArray[655]" classname="com.thealgorithms.sorts.SortUtilsRandomGeneratorTest" time="0"/>
  <testcase name="generateArray[656]" classname="com.thealgorithms.sorts.SortUtilsRandomGeneratorTest" time="0"/>
  <testcase name="generateArray[657]" classname="com.thealgorithms.sorts.SortUtilsRandomGeneratorTest" time="0"/>
  <testcase name="generateArray[658]" classname="com.thealgorithms.sorts.SortUtilsRandomGeneratorTest" time="0"/>
  <testcase name="generateArray[659]" classname="com.thealgorithms.sorts.SortUtilsRandomGeneratorTest" time="0"/>
  <testcase name="generateArray[660]" classname="com.thealgorithms.sorts.SortUtilsRandomGeneratorTest" time="0"/>
  <testcase name="generateArray[661]" classname="com.thealgorithms.sorts.SortUtilsRandomGeneratorTest" time="0"/>
  <testcase name="generateArray[662]" classname="com.thealgorithms.sorts.SortUtilsRandomGeneratorTest" time="0.001"/>
  <testcase name="generateArray[663]" classname="com.thealgorithms.sorts.SortUtilsRandomGeneratorTest" time="0"/>
  <testcase name="generateArray[664]" classname="com.thealgorithms.sorts.SortUtilsRandomGeneratorTest" time="0"/>
  <testcase name="generateArray[665]" classname="com.thealgorithms.sorts.SortUtilsRandomGeneratorTest" time="0"/>
  <testcase name="generateArray[666]" classname="com.thealgorithms.sorts.SortUtilsRandomGeneratorTest" time="0"/>
  <testcase name="generateArray[667]" classname="com.thealgorithms.sorts.SortUtilsRandomGeneratorTest" time="0"/>
  <testcase name="generateArray[668]" classname="com.thealgorithms.sorts.SortUtilsRandomGeneratorTest" time="0"/>
  <testcase name="generateArray[669]" classname="com.thealgorithms.sorts.SortUtilsRandomGeneratorTest" time="0"/>
  <testcase name="generateArray[670]" classname="com.thealgorithms.sorts.SortUtilsRandomGeneratorTest" time="0.001"/>
  <testcase name="generateArray[671]" classname="com.thealgorithms.sorts.SortUtilsRandomGeneratorTest" time="0"/>
  <testcase name="generateArray[672]" classname="com.thealgorithms.sorts.SortUtilsRandomGeneratorTest" time="0"/>
  <testcase name="generateArray[673]" classname="com.thealgorithms.sorts.SortUtilsRandomGeneratorTest" time="0"/>
  <testcase name="generateArray[674]" classname="com.thealgorithms.sorts.SortUtilsRandomGeneratorTest" time="0"/>
  <testcase name="generateArray[675]" classname="com.thealgorithms.sorts.SortUtilsRandomGeneratorTest" time="0"/>
  <testcase name="generateArray[676]" classname="com.thealgorithms.sorts.SortUtilsRandomGeneratorTest" time="0"/>
  <testcase name="generateArray[677]" classname="com.thealgorithms.sorts.SortUtilsRandomGeneratorTest" time="0"/>
  <testcase name="generateArray[678]" classname="com.thealgorithms.sorts.SortUtilsRandomGeneratorTest" time="0.001"/>
  <testcase name="generateArray[679]" classname="com.thealgorithms.sorts.SortUtilsRandomGeneratorTest" time="0"/>
  <testcase name="generateArray[680]" classname="com.thealgorithms.sorts.SortUtilsRandomGeneratorTest" time="0"/>
  <testcase name="generateArray[681]" classname="com.thealgorithms.sorts.SortUtilsRandomGeneratorTest" time="0"/>
  <testcase name="generateArray[682]" classname="com.thealgorithms.sorts.SortUtilsRandomGeneratorTest" time="0"/>
  <testcase name="generateArray[683]" classname="com.thealgorithms.sorts.SortUtilsRandomGeneratorTest" time="0"/>
  <testcase name="generateArray[684]" classname="com.thealgorithms.sorts.SortUtilsRandomGeneratorTest" time="0"/>
  <testcase name="generateArray[685]" classname="com.thealgorithms.sorts.SortUtilsRandomGeneratorTest" time="0"/>
  <testcase name="generateArray[686]" classname="com.thealgorithms.sorts.SortUtilsRandomGeneratorTest" time="0"/>
  <testcase name="generateArray[687]" classname="com.thealgorithms.sorts.SortUtilsRandomGeneratorTest" time="0"/>
  <testcase name="generateArray[688]" classname="com.thealgorithms.sorts.SortUtilsRandomGeneratorTest" time="0"/>
  <testcase name="generateArray[689]" classname="com.thealgorithms.sorts.SortUtilsRandomGeneratorTest" time="0"/>
  <testcase name="generateArray[690]" classname="com.thealgorithms.sorts.SortUtilsRandomGeneratorTest" time="0"/>
  <testcase name="generateArray[691]" classname="com.thealgorithms.sorts.SortUtilsRandomGeneratorTest" time="0"/>
  <testcase name="generateArray[692]" classname="com.thealgorithms.sorts.SortUtilsRandomGeneratorTest" time="0"/>
  <testcase name="generateArray[693]" classname="com.thealgorithms.sorts.SortUtilsRandomGeneratorTest" time="0.001"/>
  <testcase name="generateArray[694]" classname="com.thealgorithms.sorts.SortUtilsRandomGeneratorTest" time="0"/>
  <testcase name="generateArray[695]" classname="com.thealgorithms.sorts.SortUtilsRandomGeneratorTest" time="0"/>
[...]
  <testcase name="generateDouble[828]" classname="com.thealgorithms.sorts.SortUtilsRandomGeneratorTest" time="0"/>
  <testcase name="generateDouble[829]" classname="com.thealgorithms.sorts.SortUtilsRandomGeneratorTest" time="0"/>
  <testcase name="generateDouble[830]" classname="com.thealgorithms.sorts.SortUtilsRandomGeneratorTest" time="0"/>
  <testcase name="generateDouble[831]" classname="com.thealgorithms.sorts.SortUtilsRandomGeneratorTest" time="0"/>
  <testcase name="generateDouble[832]" classname="com.thealgorithms.sorts.SortUtilsRandomGeneratorTest" time="0"/>
  <testcase name="generateDouble[833]" classname="com.thealgorithms.sorts.SortUtilsRandomGeneratorTest" time="0"/>
  <testcase name="generateDouble[834]" classname="com.thealgorithms.sorts.SortUtilsRandomGeneratorTest" time="0"/>
  <testcase name="generateDouble[835]" classname="com.thealgorithms.sorts.SortUtilsRandomGeneratorTest" time="0"/>
  <testcase name="generateDouble[836]" classname="com.thealgorithms.sorts.SortUtilsRandomGeneratorTest" time="0"/>
  <testcase name="generateDouble[837]" classname="com.thealgorithms.sorts.SortUtilsRandomGeneratorTest" time="0"/>
  <testcase name="generateDouble[838]" classname="com.thealgorithms.sorts.SortUtilsRandomGeneratorTest" time="0"/>
  <testcase name="generateDouble[839]" classname="com.thealgorithms.sorts.SortUtilsRandomGeneratorTest" time="0"/>
  <testcase name="generateDouble[840]" classname="com.thealgorithms.sorts.SortUtilsRandomGeneratorTest" time="0"/>
  <testcase name="generateDouble[841]" classname="com.thealgorithms.sorts.SortUtilsRandomGeneratorTest" time="0"/>
  <testcase name="generateDouble[842]" classname="com.thealgorithms.sorts.SortUtilsRandomGeneratorTest" time="0"/>
  <testcase name="generateDouble[843]" classname="com.thealgorithms.sorts.SortUtilsRandomGeneratorTest" time="0"/>
  <testcase name="generateDouble[844]" classname="com.thealgorithms.sorts.SortUtilsRandomGeneratorTest" time="0"/>
  <testcase name="generateDouble[845]" classname="com.thealgorithms.sorts.SortUtilsRandomGeneratorTest" time="0"/>
  <testcase name="generateDouble[846]" classname="com.thealgorithms.sorts.SortUtilsRandomGeneratorTest" time="0"/>
  <testcase name="generateDouble[847]" classname="com.thealgorithms.sorts.SortUtilsRandomGeneratorTest" time="0"/>
  <testcase name="generateDouble[848]" classname="com.thealgorithms.sorts.SortUtilsRandomGeneratorTest" time="0"/>
  <testcase name="generateDouble[849]" classname="com.thealgorithms.sorts.SortUtilsRandomGeneratorTest" time="0"/>
  <testcase name="generateDouble[850]" classname="com.thealgorithms.sorts.SortUtilsRandomGeneratorTest" time="0"/>
  <testcase name="generateDouble[851]" classname="com.thealgorithms.sorts.SortUtilsRandomGeneratorTest" time="0"/>
  <testcase name="generateDouble[852]" classname="com.thealgorithms.sorts.SortUtilsRandomGeneratorTest" time="0"/>
  <testcase name="generateDouble[853]" classname="com.thealgorithms.sorts.SortUtilsRandomGeneratorTest" time="0"/>
  <testcase name="generateDouble[854]" classname="com.thealgorithms.sorts.SortUtilsRandomGeneratorTest" time="0"/>
  <testcase name="generateDouble[855]" classname="com.thealgorithms.sorts.SortUtilsRandomGeneratorTest" time="0"/>
  <testcase name="generateDouble[856]" classname="com.thealgorithms.sorts.SortUtilsRandomGeneratorTest" time="0"/>
  <testcase name="generateDouble[857]" classname="com.thealgorithms.sorts.SortUtilsRandomGeneratorTest" time="0"/>
  <testcase name="generateDouble[858]" classname="com.thealgorithms.sorts.SortUtilsRandomGeneratorTest" time="0"/>
  <testcase name="generateDouble[859]" classname="com.thealgorithms.sorts.SortUtilsRandomGeneratorTest" time="0"/>
  <testcase name="generateDouble[860]" classname="com.thealgorithms.sorts.SortUtilsRandomGeneratorTest" time="0"/>
  <testcase name="generateDouble[861]" classname="com.thealgorithms.sorts.SortUtilsRandomGeneratorTest" time="0"/>
  <testcase name="generateDouble[862]" classname="com.thealgorithms.sorts.SortUtilsRandomGeneratorTest" time="0"/>
  <testcase name="generateDouble[863]" classname="com.thealgorithms.sorts.SortUtilsRandomGeneratorTest" time="0"/>
  <testcase name="generateDouble[864]" classname="com.thealgorithms.sorts.SortUtilsRandomGeneratorTest" time="0"/>
  <testcase name="generateDouble[865]" classname="com.thealgorithms.sorts.SortUtilsRandomGeneratorTest" time="0"/>
  <testcase name="generateDouble[866]" classname="com.thealgorithms.sorts.SortUtilsRandomGeneratorTest" time="0"/>
  <testcase name="generateDouble[867]" classname="com.thealgorithms.sorts.SortUtilsRandomGeneratorTest" time="0"/>
  <testcase name="generateDouble[868]" classname="com.thealgorithms.sorts.SortUtilsRandomGeneratorTest" time="0"/>
  <testcase name="generateDouble[869]" classname="com.thealgorithms.sorts.SortUtilsRandomGeneratorTest" time="0"/>
  <testcase name="generateDouble[870]" classname="com.thealgorithms.sorts.SortUtilsRandomGeneratorTest" time="0"/>
  <testcase name="generateDouble[871]" classname="com.thealgorithms.sorts.SortUtilsRandomGeneratorTest" time="0"/>
  <testcase name="generateDouble[872]" classname="com.thealgorithms.sorts.SortUtilsRandomGeneratorTest" time="0"/>
  <testcase name="generateDouble[873]" classname="com.thealgorithms.sorts.SortUtilsRandomGeneratorTest" time="0"/>
  <testcase name="generateDouble[874]" classname="com.thealgorithms.sorts.SortUtilsRandomGeneratorTest" time="0"/>
  <testcase name="generateDouble[875]" classname="com.thealgorithms.sorts.SortUtilsRandomGeneratorTest" time="0"/>
  <testcase name="generateDouble[876]" classname="com.thealgorithms.sorts.SortUtilsRandomGeneratorTest" time="0"/>
  <testcase name="generateDouble[877]" classname="com.thealgorithms.sorts.SortUtilsRandomGeneratorTest" time="0"/>
  <testcase name="generateDouble[878]" classname="com.thealgorithms.sorts.SortUtilsRandomGeneratorTest" time="0"/>
  <testcase name="generateDouble[879]" classname="com.thealgorithms.sorts.SortUtilsRandomGeneratorTest" time="0"/>
  <testcase name="generateDouble[880]" classname="com.thealgorithms.sorts.SortUtilsRandomGeneratorTest" time="0"/>
  <testcase name="generateDouble[881]" classname="com.thealgorithms.sorts.SortUtilsRandomGeneratorTest" time="0"/>
  <testcase name="generateDouble[882]" classname="com.thealgorithms.sorts.SortUtilsRandomGeneratorTest" time="0"/>
  <testcase name="generateDouble[883]" classname="com.thealgorithms.sorts.SortUtilsRandomGeneratorTest" time="0"/>
  <testcase name="generateDouble[884]" classname="com.thealgorithms.sorts.SortUtilsRandomGeneratorTest" time="0"/>
  <testcase name="generateDouble[885]" classname="com.thealgorithms.sorts.SortUtilsRandomGeneratorTest" time="0"/>
  <testcase name="generateDouble[886]" classname="com.thealgorithms.sorts.SortUtilsRandomGeneratorTest" time="0"/>
  <testcase name="generateDouble[887]" classname="com.thealgorithms.sorts.SortUtilsRandomGeneratorTest" time="0"/>
  <testcase name="generateDouble[888]" classname="com.thealgorithms.sorts.SortUtilsRandomGeneratorTest" time="0"/>
  <testcase name="generateDouble[889]" classname="com.thealgorithms.sorts.SortUtilsRandomGeneratorTest" time="0"/>
  <testcase name="generateDouble[890]" classname="com.thealgorithms.sorts.SortUtilsRandomGeneratorTest" time="0"/>
  <testcase name="generateDouble[891]" classname="com.thealgorithms.sorts.SortUtilsRandomGeneratorTest" time="0"/>
  <testcase name="generateDouble[892]" classname="com.thealgorithms.sorts.SortUtilsRandomGeneratorTest" time="0"/>
  <testcase name="generateDouble[893]" classname="com.thealgorithms.sorts.SortUtilsRandomGeneratorTest" time="0"/>
  <testcase name="generateDouble[894]" classname="com.thealgorithms.sorts.SortUtilsRandomGeneratorTest" time="0"/>
  <testcase name="generateDouble[895]" classname="com.thealgorithms.sorts.SortUtilsRandomGeneratorTest" time="0"/>
  <testcase name="generateDouble[896]" classname="com.thealgorithms.sorts.SortUtilsRandomGeneratorTest" time="0"/>
  <testcase name="generateDouble[897]" classname="com.thealgorithms.sorts.SortUtilsRandomGeneratorTest" time="0.001"/>
  <testcase name="generateDouble[898]" classname="com.thealgorithms.sorts.SortUtilsRandomGeneratorTest" time="0"/>
  <testcase name="generateDouble[899]" classname="com.thealgorithms.sorts.SortUtilsRandomGeneratorTest" time="0"/>
  <testcase name="generateDouble[900]" classname="com.thealgorithms.sorts.SortUtilsRandomGeneratorTest" time="0"/>
  <testcase name="generateDouble[901]" classname="com.thealgorithms.sorts.SortUtilsRandomGeneratorTest" time="0"/>
  <testcase name="generateDouble[902]" classname="com.thealgorithms.sorts.SortUtilsRandomGeneratorTest" time="0"/>
  <testcase name="generateDouble[903]" classname="com.thealgorithms.sorts.SortUtilsRandomGeneratorTest" time="0"/>
  <testcase name="generateDouble[904]" classname="com.thealgorithms.sorts.SortUtilsRandomGeneratorTest" time="0"/>
  <testcase name="generateDouble[905]" classname="com.thealgorithms.sorts.SortUtilsRandomGeneratorTest" time="0"/>
  <testcase name="generateDouble[906]" classname="com.thealgorithms.sorts.SortUtilsRandomGeneratorTest" time="0"/>
  <testcase name="generateDouble[907]" classname="com.thealgorithms.sorts.SortUtilsRandomGeneratorTest" time="0"/>
  <testcase name="generateDouble[908]" classname="com.thealgorithms.sorts.SortUtilsRandomGeneratorTest" time="0"/>
  <testcase name="generateDouble[909]" classname="com.thealgorithms.sorts.SortUtilsRandomGeneratorTest" time="0"/>
  <testcase name="generateDouble[910]" classname="com.thealgorithms.sorts.SortUtilsRandomGeneratorTest" time="0"/>
  <testcase name="generateDouble[911]" classname="com.thealgorithms.sorts.SortUtilsRandomGeneratorTest" time="0"/>
  <testcase name="generateDouble[912]" classname="com.thealgorithms.sorts.SortUtilsRandomGeneratorTest" time="0"/>
  <testcase name="generateDouble[913]" classname="com.thealgorithms.sorts.SortUtilsRandomGeneratorTest" time="0"/>
  <testcase name="generateDouble[914]" classname="com.thealgorithms.sorts.SortUtilsRandomGeneratorTest" time="0"/>
  <testcase name="generateDouble[915]" classname="com.thealgorithms.sorts.SortUtilsRandomGeneratorTest" time="0"/>
  <testcase name="generateDouble[916]" classname="com.thealgorithms.sorts.SortUtilsRandomGeneratorTest" time="0"/>
  <testcase name="generateDouble[917]" classname="com.thealgorithms.sorts.SortUtilsRandomGeneratorTest" time="0"/>
  <testcase name="generateDouble[918]" classname="com.thealgorithms.sorts.SortUtilsRandomGeneratorTest" time="0"/>
  <testcase name="generateDouble[919]" classname="com.thealgorithms.sorts.SortUtilsRandomGeneratorTest" time="0"/>
  <testcase name="generateDouble[920]" classname="com.thealgorithms.sorts.SortUtilsRandomGeneratorTest" time="0"/>
  <testcase name="generateDouble[921]" classname="com.thealgorithms.sorts.SortUtilsRandomGeneratorTest" time="0"/>
  <testcase name="generateDouble[922]" classname="com.thealgorithms.sorts.SortUtilsRandomGeneratorTest" time="0"/>
  <testcase name="generateDouble[923]" classname="com.thealgorithms.sorts.SortUtilsRandomGeneratorTest" time="0"/>
  <testcase name="generateDouble[924]" classname="com.thealgorithms.sorts.SortUtilsRandomGeneratorTest" time="0"/>
  <testcase name="generateDouble[925]" classname="com.thealgorithms.sorts.SortUtilsRandomGeneratorTest" time="0"/>
  <testcase name="generateDouble[926]" classname="com.thealgorithms.sorts.SortUtilsRandomGeneratorTest" time="0"/>
  <testcase name="generateDouble[927]" classname="com.thealgorithms.sorts.SortUtilsRandomGeneratorTest" time="0"/>
  <testcase name="generateDouble[928]" classname="com.thealgorithms.sorts.SortUtilsRandomGeneratorTest" time="0"/>
  <testcase name="generateDouble[929]" classname="com.thealgorithms.sorts.SortUtilsRandomGeneratorTest" time="0"/>
  <testcase name="generateDouble[930]" classname="com.thealgorithms.sorts.SortUtilsRandomGeneratorTest" time="0"/>
  <testcase name="generateDouble[931]" classname="com.thealgorithms.sorts.SortUtilsRandomGeneratorTest" time="0"/>
  <testcase name="generateDouble[932]" classname="com.thealgorithms.sorts.SortUtilsRandomGeneratorTest" time="0"/>
  <testcase name="generateDouble[933]" classname="com.thealgorithms.sorts.SortUtilsRandomGeneratorTest" time="0"/>
  <testcase name="generateDouble[934]" classname="com.thealgorithms.sorts.SortUtilsRandomGeneratorTest" time="0"/>
  <testcase name="generateDouble[935]" classname="com.thealgorithms.sorts.SortUtilsRandomGeneratorTest" time="0"/>
  <testcase name="generateDouble[936]" classname="com.thealgorithms.sorts.SortUtilsRandomGeneratorTest" time="0"/>
  <testcase name="generateDouble[937]" classname="com.thealgorithms.sorts.SortUtilsRandomGeneratorTest" time="0"/>
  <testcase name="generateDouble[938]" classname="com.thealgorithms.sorts.SortUtilsRandomGeneratorTest" time="0.001"/>
  <testcase name="generateDouble[939]" classname="com.thealgorithms.sorts.SortUtilsRandomGeneratorTest" time="0"/>
  <testcase name="generateDouble[940]" classname="com.thealgorithms.sorts.SortUtilsRandomGeneratorTest" time="0"/>
  <testcase name="generateDouble[941]" classname="com.thealgorithms.sorts.SortUtilsRandomGeneratorTest" time="0"/>
  <testcase name="generateDouble[942]" classname="com.thealgorithms.sorts.SortUtilsRandomGeneratorTest" time="0"/>
  <testcase name="generateDouble[943]" classname="com.thealgorithms.sorts.SortUtilsRandomGeneratorTest" time="0"/>
  <testcase name="generateDouble[944]" classname="com.thealgorithms.sorts.SortUtilsRandomGeneratorTest" time="0"/>
  <testcase name="generateDouble[945]" classname="com.thealgorithms.sorts.SortUtilsRandomGeneratorTest" time="0"/>
  <testcase name="generateDouble[946]" classname="com.thealgorithms.sorts.SortUtilsRandomGeneratorTest" time="0"/>
  <testcase name="generateDouble[947]" classname="com.thealgorithms.sorts.SortUtilsRandomGeneratorTest" time="0"/>
  <testcase name="generateDouble[948]" classname="com.thealgorithms.sorts.SortUtilsRandomGeneratorTest" time="0"/>
  <testcase name="generateDouble[949]" classname="com.thealgorithms.sorts.SortUtilsRandomGeneratorTest" time="0"/>
  <testcase name="generateDouble[950]" classname="com.thealgorithms.sorts.SortUtilsRandomGeneratorTest" time="0"/>
  <testcase name="generateDouble[951]" classname="com.thealgorithms.sorts.SortUtilsRandomGeneratorTest" time="0"/>
  <testcase name="generateDouble[952]" classname="com.thealgorithms.sorts.SortUtilsRandomGeneratorTest" time="0"/>
  <testcase name="generateDouble[953]" classname="com.thealgorithms.sorts.SortUtilsRandomGeneratorTest" time="0"/>
  <testcase name="generateDouble[954]" classname="com.thealgorithms.sorts.SortUtilsRandomGeneratorTest" time="0"/>
  <testcase name="generateDouble[955]" classname="com.thealgorithms.sorts.SortUtilsRandomGeneratorTest" time="0"/>
  <testcase name="generateDouble[956]" classname="com.thealgorithms.sorts.SortUtilsRandomGeneratorTest" time="0"/>
  <testcase name="generateDouble[957]" classname="com.thealgorithms.sorts.SortUtilsRandomGeneratorTest" time="0"/>
  <testcase name="generateDouble[958]" classname="com.thealgorithms.sorts.SortUtilsRandomGeneratorTest" time="0"/>
  <testcase name="generateDouble[959]" classname="com.thealgorithms.sorts.SortUtilsRandomGeneratorTest" time="0.001"/>
  <testcase name="generateDouble[960]" classname="com.thealgorithms.sorts.SortUtilsRandomGeneratorTest" time="0"/>
  <testcase name="generateDouble[961]" classname="com.thealgorithms.sorts.SortUtilsRandomGeneratorTest" time="0"/>
  <testcase name="generateDouble[962]" classname="com.thealgorithms.sorts.SortUtilsRandomGeneratorTest" time="0"/>
  <testcase name="generateDouble[963]" classname="com.thealgorithms.sorts.SortUtilsRandomGeneratorTest" time="0"/>
  <testcase name="generateDouble[964]" classname="com.thealgorithms.sorts.SortUtilsRandomGeneratorTest" time="0"/>
  <testcase name="generateDouble[965]" classname="com.thealgorithms.sorts.SortUtilsRandomGeneratorTest" time="0"/>
  <testcase name="generateDouble[966]" classname="com.thealgorithms.sorts.SortUtilsRandomGeneratorTest" time="0"/>
  <testcase name="generateDouble[967]" classname="com.thealgorithms.sorts.SortUtilsRandomGeneratorTest" time="0"/>
  <testcase name="generateDouble[968]" classname="com.thealgorithms.sorts.SortUtilsRandomGeneratorTest" time="0"/>
  <testcase name="generateDouble[969]" classname="com.thealgorithms.sorts.SortUtilsRandomGeneratorTest" time="0"/>
  <testcase name="generateDouble[970]" classname="com.thealgorithms.sorts.SortUtilsRandomGeneratorTest" time="0"/>
  <testcase name="generateDouble[971]" classname="com.thealgorithms.sorts.SortUtilsRandomGeneratorTest" time="0"/>
  <testcase name="generateDouble[972]" classname="com.thealgorithms.sorts.SortUtilsRandomGeneratorTest" time="0"/>
  <testcase name="generateDouble[973]" classname="com.thealgorithms.sorts.SortUtilsRandomGeneratorTest" time="0"/>
  <testcase name="generateDouble[974]" classname="com.thealgorithms.sorts.SortUtilsRandomGeneratorTest" time="0"/>
  <testcase name="generateDouble[975]" classname="com.thealgorithms.sorts.SortUtilsRandomGeneratorTest" time="0"/>
  <testcase name="generateDouble[976]" classname="com.thealgorithms.sorts.SortUtilsRandomGeneratorTest" time="0"/>
  <testcase name="generateDouble[977]" classname="com.thealgorithms.sorts.SortUtilsRandomGeneratorTest" time="0"/>
  <testcase name="generateDouble[978]" classname="com.thealgorithms.sorts.SortUtilsRandomGeneratorTest" time="0"/>
  <testcase name="generateDouble[979]" classname="com.thealgorithms.sorts.SortUtilsRandomGeneratorTest" time="0"/>
  <testcase name="generateDouble[980]" classname="com.thealgorithms.sorts.SortUtilsRandomGeneratorTest" time="0.001"/>
  <testcase name="generateDouble[981]" classname="com.thealgorithms.sorts.SortUtilsRandomGeneratorTest" time="0"/>
  <testcase name="generateDouble[982]" classname="com.thealgorithms.sorts.SortUtilsRandomGeneratorTest" time="0"/>
  <testcase name="generateDouble[983]" classname="com.thealgorithms.sorts.SortUtilsRandomGeneratorTest" time="0"/>
  <testcase name="generateDouble[984]" classname="com.thealgorithms.sorts.SortUtilsRandomGeneratorTest" time="0"/>
  <testcase name="generateDouble[985]" classname="com.thealgorithms.sorts.SortUtilsRandomGeneratorTest" time="0"/>
  <testcase name="generateDouble[986]" classname="com.thealgorithms.sorts.SortUtilsRandomGeneratorTest" time="0"/>
  <testcase name="generateDouble[987]" classname="com.thealgorithms.sorts.SortUtilsRandomGeneratorTest" time="0"/>
  <testcase name="generateDouble[988]" classname="com.thealgorithms.sorts.SortUtilsRandomGeneratorTest" time="0"/>
  <testcase name="generateDouble[989]" classname="com.thealgorithms.sorts.SortUtilsRandomGeneratorTest" time="0"/>
  <testcase name="generateDouble[990]" classname="com.thealgorithms.sorts.SortUtilsRandomGeneratorTest" time="0"/>
  <testcase name="generateDouble[991]" classname="com.thealgorithms.sorts.SortUtilsRandomGeneratorTest" time="0"/>
  <testcase name="generateDouble[992]" classname="com.thealgorithms.sorts.SortUtilsRandomGeneratorTest" time="0"/>
  <testcase name="generateDouble[993]" classname="com.thealgorithms.sorts.SortUtilsRandomGeneratorTest" time="0"/>
  <testcase name="generateDouble[994]" classname="com.thealgorithms.sorts.SortUtilsRandomGeneratorTest" time="0"/>
  <testcase name="generateDouble[995]" classname="com.thealgorithms.sorts.SortUtilsRandomGeneratorTest" time="0"/>
  <testcase name="generateDouble[996]" classname="com.thealgorithms.sorts.SortUtilsRandomGeneratorTest" time="0"/>
  <testcase name="generateDouble[997]" classname="com.thealgorithms.sorts.SortUtilsRandomGeneratorTest" time="0"/>
  <testcase name="generateDouble[998]" classname="com.thealgorithms.sorts.SortUtilsRandomGeneratorTest" time="0"/>
  <testcase name="generateDouble[999]" classname="com.thealgorithms.sorts.SortUtilsRandomGeneratorTest" time="0"/>
  <testcase name="generateDouble[1000]" classname="com.thealgorithms.sorts.SortUtilsRandomGeneratorTest" time="0"/>
</testsuite>